{"/home/travis/build/npmtest/node-npmtest-kss/test.js":{"path":"/home/travis/build/npmtest/node-npmtest-kss/test.js","s":{"1":2,"2":2,"3":2,"4":2,"5":2,"6":2,"7":2,"8":1,"9":2,"10":2,"11":1,"12":1,"13":1,"14":1,"15":2,"16":2,"17":2,"18":2,"19":1,"20":1,"21":2,"22":2,"23":2,"24":1,"25":1,"26":1,"27":1,"28":1,"29":1,"30":1,"31":1,"32":1,"33":1,"34":1,"35":1,"36":1,"37":1,"38":1,"39":2,"40":2,"41":1,"42":2,"43":2,"44":1,"45":2,"46":2,"47":1,"48":2,"49":2,"50":1,"51":1,"52":1,"53":1,"54":1},"b":{"1":[2,1,1,1],"2":[1,1,1,1],"3":[1,1],"4":[1,1],"5":[1,1],"6":[1,1],"7":[1,1],"8":[1,1],"9":[1,1],"10":[1,1,1],"11":[1,1],"12":[1,1],"13":[1,1],"14":[1,1],"15":[1,1],"16":[1,1],"17":[1,1]},"f":{"1":2,"2":2,"3":2,"4":2,"5":2,"6":1,"7":1,"8":1,"9":2,"10":2,"11":2,"12":2,"13":1},"fnMap":{"1":{"name":"(anonymous_1)","line":12,"loc":{"start":{"line":12,"column":1},"end":{"line":12,"column":13}}},"2":{"name":"(anonymous_2)","line":19,"loc":{"start":{"line":19,"column":5},"end":{"line":19,"column":17}}},"3":{"name":"(anonymous_3)","line":23,"loc":{"start":{"line":23,"column":24},"end":{"line":23,"column":36}}},"4":{"name":"(anonymous_4)","line":61,"loc":{"start":{"line":61,"column":5},"end":{"line":61,"column":17}}},"5":{"name":"(anonymous_5)","line":82,"loc":{"start":{"line":82,"column":5},"end":{"line":82,"column":17}}},"6":{"name":"(anonymous_6)","line":91,"loc":{"start":{"line":91,"column":77},"end":{"line":94,"column":10}}},"7":{"name":"(anonymous_7)","line":112,"loc":{"start":{"line":112,"column":83},"end":{"line":115,"column":10}},"skip":true},"8":{"name":"(anonymous_8)","line":123,"loc":{"start":{"line":123,"column":77},"end":{"line":126,"column":10}},"skip":true},"9":{"name":"(anonymous_9)","line":139,"loc":{"start":{"line":139,"column":12},"end":{"line":139,"column":40}},"skip":true},"10":{"name":"(anonymous_10)","line":147,"loc":{"start":{"line":147,"column":77},"end":{"line":150,"column":10}},"skip":true},"11":{"name":"(anonymous_11)","line":158,"loc":{"start":{"line":158,"column":83},"end":{"line":161,"column":10}},"skip":true},"12":{"name":"(anonymous_12)","line":169,"loc":{"start":{"line":169,"column":79},"end":{"line":172,"column":10}},"skip":true},"13":{"name":"(anonymous_13)","line":180,"loc":{"start":{"line":180,"column":75},"end":{"line":183,"column":10}},"skip":true}},"statementMap":{"1":{"start":{"line":12,"column":0},"end":{"line":195,"column":5}},"2":{"start":{"line":14,"column":4},"end":{"line":14,"column":14}},"3":{"start":{"line":19,"column":4},"end":{"line":56,"column":9}},"4":{"start":{"line":21,"column":8},"end":{"line":21,"column":19}},"5":{"start":{"line":23,"column":8},"end":{"line":35,"column":13}},"6":{"start":{"line":24,"column":12},"end":{"line":34,"column":13}},"7":{"start":{"line":25,"column":16},"end":{"line":28,"column":30}},"8":{"start":{"line":30,"column":16},"end":{"line":33,"column":27}},"9":{"start":{"line":37,"column":8},"end":{"line":39,"column":21}},"10":{"start":{"line":40,"column":8},"end":{"line":53,"column":9}},"11":{"start":{"line":43,"column":12},"end":{"line":46,"column":14}},"12":{"start":{"line":47,"column":12},"end":{"line":47,"column":18}},"13":{"start":{"line":50,"column":12},"end":{"line":51,"column":33}},"14":{"start":{"line":52,"column":12},"end":{"line":52,"column":18}},"15":{"start":{"line":55,"column":8},"end":{"line":55,"column":35}},"16":{"start":{"line":61,"column":4},"end":{"line":63,"column":9}},"17":{"start":{"line":62,"column":8},"end":{"line":62,"column":15}},"18":{"start":{"line":64,"column":4},"end":{"line":77,"column":5}},"19":{"start":{"line":70,"column":8},"end":{"line":70,"column":14}},"20":{"start":{"line":76,"column":8},"end":{"line":76,"column":14}},"21":{"start":{"line":82,"column":4},"end":{"line":84,"column":9}},"22":{"start":{"line":83,"column":8},"end":{"line":83,"column":15}},"23":{"start":{"line":85,"column":4},"end":{"line":194,"column":5}},"24":{"start":{"line":91,"column":8},"end":{"line":99,"column":10}},"25":{"start":{"line":98,"column":12},"end":{"line":98,"column":35}},"26":{"start":{"line":102,"column":8},"end":{"line":104,"column":63}},"27":{"start":{"line":105,"column":8},"end":{"line":105,"column":14}},"28":{"start":{"line":112,"column":8},"end":{"line":121,"column":10},"skip":true},"29":{"start":{"line":119,"column":12},"end":{"line":119,"column":55},"skip":true},"30":{"start":{"line":120,"column":12},"end":{"line":120,"column":48},"skip":true},"31":{"start":{"line":123,"column":8},"end":{"line":136,"column":10},"skip":true},"32":{"start":{"line":130,"column":12},"end":{"line":130,"column":76},"skip":true},"33":{"start":{"line":131,"column":12},"end":{"line":131,"column":73},"skip":true},"34":{"start":{"line":132,"column":12},"end":{"line":132,"column":74},"skip":true},"35":{"start":{"line":133,"column":12},"end":{"line":133,"column":79},"skip":true},"36":{"start":{"line":134,"column":12},"end":{"line":134,"column":25},"skip":true},"37":{"start":{"line":135,"column":12},"end":{"line":135,"column":45},"skip":true},"38":{"start":{"line":138,"column":8},"end":{"line":145,"column":14},"skip":true},"39":{"start":{"line":143,"column":16},"end":{"line":143,"column":29},"skip":true},"40":{"start":{"line":144,"column":16},"end":{"line":144,"column":55},"skip":true},"41":{"start":{"line":147,"column":8},"end":{"line":156,"column":10},"skip":true},"42":{"start":{"line":154,"column":12},"end":{"line":154,"column":25},"skip":true},"43":{"start":{"line":155,"column":12},"end":{"line":155,"column":45},"skip":true},"44":{"start":{"line":158,"column":8},"end":{"line":167,"column":10},"skip":true},"45":{"start":{"line":165,"column":12},"end":{"line":165,"column":25},"skip":true},"46":{"start":{"line":166,"column":12},"end":{"line":166,"column":48},"skip":true},"47":{"start":{"line":169,"column":8},"end":{"line":178,"column":10},"skip":true},"48":{"start":{"line":176,"column":12},"end":{"line":176,"column":25},"skip":true},"49":{"start":{"line":177,"column":12},"end":{"line":177,"column":46},"skip":true},"50":{"start":{"line":180,"column":8},"end":{"line":189,"column":10},"skip":true},"51":{"start":{"line":187,"column":12},"end":{"line":187,"column":94},"skip":true},"52":{"start":{"line":188,"column":12},"end":{"line":188,"column":48},"skip":true},"53":{"start":{"line":192,"column":8},"end":{"line":192,"column":35},"skip":true},"54":{"start":{"line":193,"column":8},"end":{"line":193,"column":14},"skip":true}},"branchMap":{"1":{"line":25,"type":"binary-expr","locations":[{"start":{"line":25,"column":23},"end":{"line":25,"column":62}},{"start":{"line":26,"column":20},"end":{"line":26,"column":70}},{"start":{"line":27,"column":20},"end":{"line":27,"column":71}},{"start":{"line":28,"column":20},"end":{"line":28,"column":29}}]},"2":{"line":30,"type":"binary-expr","locations":[{"start":{"line":30,"column":23},"end":{"line":30,"column":37}},{"start":{"line":31,"column":20},"end":{"line":31,"column":61}},{"start":{"line":32,"column":20},"end":{"line":32,"column":70}},{"start":{"line":33,"column":20},"end":{"line":33,"column":26}}]},"3":{"line":37,"type":"cond-expr","locations":[{"start":{"line":38,"column":14},"end":{"line":38,"column":20}},{"start":{"line":39,"column":14},"end":{"line":39,"column":20}}]},"4":{"line":40,"type":"switch","locations":[{"start":{"line":42,"column":8},"end":{"line":47,"column":18}},{"start":{"line":49,"column":8},"end":{"line":52,"column":18}}]},"5":{"line":44,"type":"binary-expr","locations":[{"start":{"line":44,"column":16},"end":{"line":44,"column":44}},{"start":{"line":44,"column":48},"end":{"line":44,"column":66}}]},"6":{"line":50,"type":"binary-expr","locations":[{"start":{"line":50,"column":21},"end":{"line":50,"column":49}},{"start":{"line":50,"column":53},"end":{"line":50,"column":72}}]},"7":{"line":64,"type":"switch","locations":[{"start":{"line":69,"column":4},"end":{"line":70,"column":14}},{"start":{"line":75,"column":4},"end":{"line":76,"column":14}}]},"8":{"line":85,"type":"switch","locations":[{"start":{"line":90,"column":4},"end":{"line":105,"column":14}},{"start":{"line":111,"column":4},"end":{"line":193,"column":14},"skip":true}]},"9":{"line":91,"type":"binary-expr","locations":[{"start":{"line":91,"column":42},"end":{"line":91,"column":73}},{"start":{"line":91,"column":77},"end":{"line":99,"column":9}}]},"10":{"line":102,"type":"binary-expr","locations":[{"start":{"line":102,"column":18},"end":{"line":102,"column":32}},{"start":{"line":103,"column":12},"end":{"line":103,"column":53}},{"start":{"line":104,"column":12},"end":{"line":104,"column":61}}]},"11":{"line":112,"type":"binary-expr","locations":[{"start":{"line":112,"column":45},"end":{"line":112,"column":79},"skip":true},{"start":{"line":112,"column":83},"end":{"line":121,"column":9},"skip":true}]},"12":{"line":123,"type":"binary-expr","locations":[{"start":{"line":123,"column":42},"end":{"line":123,"column":73},"skip":true},{"start":{"line":123,"column":77},"end":{"line":136,"column":9},"skip":true}]},"13":{"line":138,"type":"binary-expr","locations":[{"start":{"line":138,"column":48},"end":{"line":138,"column":85},"skip":true},{"start":{"line":139,"column":12},"end":{"line":145,"column":13},"skip":true}]},"14":{"line":147,"type":"binary-expr","locations":[{"start":{"line":147,"column":42},"end":{"line":147,"column":73},"skip":true},{"start":{"line":147,"column":77},"end":{"line":156,"column":9},"skip":true}]},"15":{"line":158,"type":"binary-expr","locations":[{"start":{"line":158,"column":45},"end":{"line":158,"column":79},"skip":true},{"start":{"line":158,"column":83},"end":{"line":167,"column":9},"skip":true}]},"16":{"line":169,"type":"binary-expr","locations":[{"start":{"line":169,"column":43},"end":{"line":169,"column":75},"skip":true},{"start":{"line":169,"column":79},"end":{"line":178,"column":9},"skip":true}]},"17":{"line":180,"type":"binary-expr","locations":[{"start":{"line":180,"column":41},"end":{"line":180,"column":71},"skip":true},{"start":{"line":180,"column":75},"end":{"line":189,"column":9},"skip":true}]}},"code":["/* istanbul instrument in package npmtest_kss */","/*jslint","    bitwise: true,","    browser: true,","    maxerr: 8,","    maxlen: 96,","    node: true,","    nomen: true,","    regexp: true,","    stupid: true","*/","(function () {","    'use strict';","    var local;","","","","    // run shared js-env code - init-before","    (function () {","        // init local","        local = {};","        // init modeJs","        local.modeJs = (function () {","            try {","                return typeof navigator.userAgent === 'string' &&","                    typeof document.querySelector('body') === 'object' &&","                    typeof XMLHttpRequest.prototype.open === 'function' &&","                    'browser';","            } catch (errorCaughtBrowser) {","                return module.exports &&","                    typeof process.versions.node === 'string' &&","                    typeof require('http').createServer === 'function' &&","                    'node';","            }","        }());","        // init global","        local.global = local.modeJs === 'browser'","            ? window","            : global;","        switch (local.modeJs) {","        // re-init local from window.local","        case 'browser':","            local = local.global.utility2.objectSetDefault(","                local.global.utility2_rollup || local.global.local,","                local.global.utility2","            );","            break;","        // re-init local from example.js","        case 'node':","            local = (local.global.utility2_rollup || require('utility2'))","                .requireReadme();","            break;","        }","        // export local","        local.global.local = local;","    }());","","","","    // run shared js-env code - function","    (function () {","        return;","    }());","    switch (local.modeJs) {","","","","    // run browser js-env code - function","    case 'browser':","        break;","","","","    // run node js-env code - function","    case 'node':","        break;","    }","","","","    // run shared js-env code - init-after","    (function () {","        return;","    }());","    switch (local.modeJs) {","","","","    // run browser js-env code - init-after","    case 'browser':","        local.testCase_browser_nullCase = local.testCase_browser_nullCase || function (","            options,","            onError","        ) {","        /*","         * this function will test browsers's null-case handling-behavior-behavior","         */","            onError(null, options);","        };","","        // run tests","        local.nop(local.modeTest &&","            document.querySelector('#testRunButton1') &&","            document.querySelector('#testRunButton1').click());","        break;","","","","    // run node js-env code - init-after","    /* istanbul ignore next */","    case 'node':","        local.testCase_buildApidoc_default = local.testCase_buildApidoc_default || function (","            options,","            onError","        ) {","        /*","         * this function will test buildApidoc's default handling-behavior-behavior","         */","            options = { modulePathList: module.paths };","            local.buildApidoc(options, onError);","        };","","        local.testCase_buildApp_default = local.testCase_buildApp_default || function (","            options,","            onError","        ) {","        /*","         * this function will test buildApp's default handling-behavior-behavior","         */","            local.testCase_buildReadme_default(options, local.onErrorThrow);","            local.testCase_buildLib_default(options, local.onErrorThrow);","            local.testCase_buildTest_default(options, local.onErrorThrow);","            local.testCase_buildCustomOrg_default(options, local.onErrorThrow);","            options = [];","            local.buildApp(options, onError);","        };","","        local.testCase_buildCustomOrg_default = local.testCase_buildCustomOrg_default ||","            function (options, onError) {","            /*","             * this function will test buildCustomOrg's default handling-behavior","             */","                options = {};","                local.buildCustomOrg(options, onError);","            };","","        local.testCase_buildLib_default = local.testCase_buildLib_default || function (","            options,","            onError","        ) {","        /*","         * this function will test buildLib's default handling-behavior","         */","            options = {};","            local.buildLib(options, onError);","        };","","        local.testCase_buildReadme_default = local.testCase_buildReadme_default || function (","            options,","            onError","        ) {","        /*","         * this function will test buildReadme's default handling-behavior-behavior","         */","            options = {};","            local.buildReadme(options, onError);","        };","","        local.testCase_buildTest_default = local.testCase_buildTest_default || function (","            options,","            onError","        ) {","        /*","         * this function will test buildTest's default handling-behavior","         */","            options = {};","            local.buildTest(options, onError);","        };","","        local.testCase_webpage_default = local.testCase_webpage_default || function (","            options,","            onError","        ) {","        /*","         * this function will test webpage's default handling-behavior","         */","            options = { modeCoverageMerge: true, url: local.serverLocalHost + '?modeTest=1' };","            local.browserTest(options, onError);","        };","","        // run test-server","        local.testRunServer(local);","        break;","    }","}());",""],"l":{"12":2,"14":2,"19":2,"21":2,"23":2,"24":2,"25":2,"30":1,"37":2,"40":2,"43":1,"47":1,"50":1,"52":1,"55":2,"61":2,"62":2,"64":2,"70":1,"76":1,"82":2,"83":2,"85":2,"91":1,"98":1,"102":1,"105":1,"112":1,"119":1,"120":1,"123":1,"130":1,"131":1,"132":1,"133":1,"134":1,"135":1,"138":1,"143":2,"144":2,"147":1,"154":2,"155":2,"158":1,"165":2,"166":2,"169":1,"176":2,"177":2,"180":1,"187":1,"188":1,"192":1,"193":1}},"/home/travis/build/npmtest/node-npmtest-kss/lib.npmtest_kss.js":{"path":"/home/travis/build/npmtest/node-npmtest-kss/lib.npmtest_kss.js","s":{"1":2,"2":2,"3":2,"4":2,"5":2,"6":2,"7":2,"8":1,"9":2,"10":2,"11":2,"12":2,"13":1,"14":1,"15":1,"16":1},"b":{"1":[2,1,1,1],"2":[1,1,1,1],"3":[1,1],"4":[2,2],"5":[1,1]},"f":{"1":2,"2":2,"3":2},"fnMap":{"1":{"name":"(anonymous_1)","line":12,"loc":{"start":{"line":12,"column":1},"end":{"line":12,"column":13}}},"2":{"name":"(anonymous_2)","line":19,"loc":{"start":{"line":19,"column":5},"end":{"line":19,"column":17}}},"3":{"name":"(anonymous_3)","line":23,"loc":{"start":{"line":23,"column":24},"end":{"line":23,"column":36}}}},"statementMap":{"1":{"start":{"line":12,"column":0},"end":{"line":53,"column":5}},"2":{"start":{"line":14,"column":4},"end":{"line":14,"column":14}},"3":{"start":{"line":19,"column":4},"end":{"line":52,"column":9}},"4":{"start":{"line":21,"column":8},"end":{"line":21,"column":19}},"5":{"start":{"line":23,"column":8},"end":{"line":35,"column":13}},"6":{"start":{"line":24,"column":12},"end":{"line":34,"column":13}},"7":{"start":{"line":25,"column":16},"end":{"line":28,"column":30}},"8":{"start":{"line":30,"column":16},"end":{"line":33,"column":27}},"9":{"start":{"line":37,"column":8},"end":{"line":39,"column":21}},"10":{"start":{"line":41,"column":8},"end":{"line":41,"column":54}},"11":{"start":{"line":43,"column":8},"end":{"line":43,"column":48}},"12":{"start":{"line":45,"column":8},"end":{"line":51,"column":9}},"13":{"start":{"line":46,"column":12},"end":{"line":46,"column":54}},"14":{"start":{"line":48,"column":12},"end":{"line":48,"column":35}},"15":{"start":{"line":49,"column":12},"end":{"line":49,"column":49}},"16":{"start":{"line":50,"column":12},"end":{"line":50,"column":43}}},"branchMap":{"1":{"line":25,"type":"binary-expr","locations":[{"start":{"line":25,"column":23},"end":{"line":25,"column":62}},{"start":{"line":26,"column":20},"end":{"line":26,"column":70}},{"start":{"line":27,"column":20},"end":{"line":27,"column":71}},{"start":{"line":28,"column":20},"end":{"line":28,"column":29}}]},"2":{"line":30,"type":"binary-expr","locations":[{"start":{"line":30,"column":23},"end":{"line":30,"column":37}},{"start":{"line":31,"column":20},"end":{"line":31,"column":61}},{"start":{"line":32,"column":20},"end":{"line":32,"column":70}},{"start":{"line":33,"column":20},"end":{"line":33,"column":26}}]},"3":{"line":37,"type":"cond-expr","locations":[{"start":{"line":38,"column":14},"end":{"line":38,"column":20}},{"start":{"line":39,"column":14},"end":{"line":39,"column":20}}]},"4":{"line":41,"type":"binary-expr","locations":[{"start":{"line":41,"column":16},"end":{"line":41,"column":44}},{"start":{"line":41,"column":48},"end":{"line":41,"column":53}}]},"5":{"line":45,"type":"if","locations":[{"start":{"line":45,"column":8},"end":{"line":45,"column":8}},{"start":{"line":45,"column":8},"end":{"line":45,"column":8}}]}},"code":["/* istanbul instrument in package npmtest_kss */","/*jslint","    bitwise: true,","    browser: true,","    maxerr: 8,","    maxlen: 96,","    node: true,","    nomen: true,","    regexp: true,","    stupid: true","*/","(function () {","    'use strict';","    var local;","","","","    // run shared js-env code - init-before","    (function () {","        // init local","        local = {};","        // init modeJs","        local.modeJs = (function () {","            try {","                return typeof navigator.userAgent === 'string' &&","                    typeof document.querySelector('body') === 'object' &&","                    typeof XMLHttpRequest.prototype.open === 'function' &&","                    'browser';","            } catch (errorCaughtBrowser) {","                return module.exports &&","                    typeof process.versions.node === 'string' &&","                    typeof require('http').createServer === 'function' &&","                    'node';","            }","        }());","        // init global","        local.global = local.modeJs === 'browser'","            ? window","            : global;","        // init utility2_rollup","        local = local.global.utility2_rollup || local;","        // init lib","        local.local = local.npmtest_kss = local;","        // init exports","        if (local.modeJs === 'browser') {","            local.global.utility2_npmtest_kss = local;","        } else {","            module.exports = local;","            module.exports.__dirname = __dirname;","            module.exports.module = module;","        }","    }());","}());",""],"l":{"12":2,"14":2,"19":2,"21":2,"23":2,"24":2,"25":2,"30":1,"37":2,"41":2,"43":2,"45":2,"46":1,"48":1,"49":1,"50":1}},"/home/travis/build/npmtest/node-npmtest-kss/example.js":{"path":"/home/travis/build/npmtest/node-npmtest-kss/example.js","s":{"1":2,"2":2,"3":2,"4":2,"5":2,"6":2,"7":2,"8":1,"9":2,"10":2,"11":2,"12":2,"13":1,"14":2,"15":2,"16":2,"17":2,"18":2,"19":0,"20":2,"21":1,"22":1,"23":1,"24":1,"25":1,"26":0,"27":0,"28":1,"29":1,"30":2,"31":0,"32":0,"33":0,"34":1,"35":2,"36":2,"37":3,"38":3,"39":3,"40":3,"41":0,"42":3,"43":3,"44":3,"45":1,"46":3,"47":1,"48":1,"49":1,"50":1,"51":1,"52":1,"53":1,"54":1,"55":1,"56":1,"57":0,"58":1,"59":6,"60":6,"61":1,"62":2,"63":0,"64":2,"65":1,"66":1,"67":0,"68":0,"69":0,"70":0,"71":0,"72":0,"73":0,"74":0,"75":0,"76":0,"77":0,"78":0,"79":0,"80":0,"81":0,"82":0,"83":0},"b":{"1":[2,1,1,1],"2":[1,1,1,1],"3":[1,1],"4":[2,2],"5":[1,1],"6":[1,1],"7":[2,0],"8":[2,1,1,1,1,1],"9":[0,2,0],"10":[1,1],"11":[2,1,1],"12":[1,0],"13":[0,2],"14":[2,0,0,0,0,0,0],"15":[0,3],"16":[3,0],"17":[1,1],"18":[0,1],"19":[1,2,0,2],"20":[1,0],"21":[1,1],"22":[0,0],"23":[0,0],"24":[0,0],"25":[0,0],"26":[0,0],"27":[0,0],"28":[0,0]},"f":{"1":2,"2":2,"3":2,"4":2,"5":2,"6":2,"7":3,"8":3,"9":3,"10":1,"11":6,"12":0},"fnMap":{"1":{"name":"(anonymous_1)","line":26,"loc":{"start":{"line":26,"column":1},"end":{"line":26,"column":13}}},"2":{"name":"(anonymous_2)","line":33,"loc":{"start":{"line":33,"column":5},"end":{"line":33,"column":17}}},"3":{"name":"(anonymous_3)","line":37,"loc":{"start":{"line":37,"column":24},"end":{"line":37,"column":36}}},"4":{"name":"(anonymous_4)","line":69,"loc":{"start":{"line":69,"column":31},"end":{"line":69,"column":48}},"skip":true},"5":{"name":"(anonymous_5)","line":78,"loc":{"start":{"line":78,"column":26},"end":{"line":78,"column":45}},"skip":true},"6":{"name":"(anonymous_6)","line":123,"loc":{"start":{"line":123,"column":33},"end":{"line":123,"column":48}},"skip":true},"7":{"name":"(anonymous_7)","line":125,"loc":{"start":{"line":125,"column":27},"end":{"line":125,"column":39}},"skip":true},"8":{"name":"(anonymous_8)","line":133,"loc":{"start":{"line":133,"column":59},"end":{"line":133,"column":74}},"skip":true},"9":{"name":"(anonymous_9)","line":143,"loc":{"start":{"line":143,"column":45},"end":{"line":143,"column":62}},"skip":true},"10":{"name":"(anonymous_10)","line":144,"loc":{"start":{"line":144,"column":73},"end":{"line":144,"column":92}},"skip":true},"11":{"name":"(anonymous_11)","line":272,"loc":{"start":{"line":272,"column":51},"end":{"line":272,"column":77}},"skip":true},"12":{"name":"(anonymous_12)","line":315,"loc":{"start":{"line":315,"column":32},"end":{"line":315,"column":61}},"skip":true}},"statementMap":{"1":{"start":{"line":26,"column":0},"end":{"line":326,"column":5}},"2":{"start":{"line":28,"column":4},"end":{"line":28,"column":14}},"3":{"start":{"line":33,"column":4},"end":{"line":60,"column":9}},"4":{"start":{"line":35,"column":8},"end":{"line":35,"column":19}},"5":{"start":{"line":37,"column":8},"end":{"line":49,"column":13}},"6":{"start":{"line":38,"column":12},"end":{"line":48,"column":13}},"7":{"start":{"line":39,"column":16},"end":{"line":42,"column":30}},"8":{"start":{"line":44,"column":16},"end":{"line":47,"column":27}},"9":{"start":{"line":51,"column":8},"end":{"line":53,"column":21}},"10":{"start":{"line":55,"column":8},"end":{"line":57,"column":45}},"11":{"start":{"line":59,"column":8},"end":{"line":59,"column":35}},"12":{"start":{"line":61,"column":4},"end":{"line":325,"column":5}},"13":{"start":{"line":69,"column":8},"end":{"line":121,"column":10},"skip":true},"14":{"start":{"line":70,"column":12},"end":{"line":88,"column":13},"skip":true},"15":{"start":{"line":76,"column":16},"end":{"line":87,"column":19},"skip":true},"16":{"start":{"line":79,"column":20},"end":{"line":86,"column":21},"skip":true},"17":{"start":{"line":82,"column":24},"end":{"line":82,"column":43},"skip":true},"18":{"start":{"line":83,"column":24},"end":{"line":83,"column":30},"skip":true},"19":{"start":{"line":85,"column":24},"end":{"line":85,"column":49},"skip":true},"20":{"start":{"line":89,"column":12},"end":{"line":107,"column":13},"skip":true},"21":{"start":{"line":92,"column":16},"end":{"line":102,"column":17},"skip":true},"22":{"start":{"line":93,"column":20},"end":{"line":93,"column":86},"skip":true},"23":{"start":{"line":94,"column":20},"end":{"line":95,"column":45},"skip":true},"24":{"start":{"line":96,"column":20},"end":{"line":96,"column":42},"skip":true},"25":{"start":{"line":97,"column":20},"end":{"line":97,"column":48},"skip":true},"26":{"start":{"line":100,"column":20},"end":{"line":100,"column":85},"skip":true},"27":{"start":{"line":101,"column":20},"end":{"line":101,"column":96},"skip":true},"28":{"start":{"line":103,"column":16},"end":{"line":103,"column":22},"skip":true},"29":{"start":{"line":106,"column":16},"end":{"line":106,"column":22},"skip":true},"30":{"start":{"line":108,"column":12},"end":{"line":120,"column":13},"skip":true},"31":{"start":{"line":114,"column":16},"end":{"line":119,"column":17},"skip":true},"32":{"start":{"line":116,"column":20},"end":{"line":116,"column":78},"skip":true},"33":{"start":{"line":118,"column":20},"end":{"line":118,"column":47},"skip":true},"34":{"start":{"line":123,"column":8},"end":{"line":141,"column":11},"skip":true},"35":{"start":{"line":124,"column":12},"end":{"line":124,"column":54},"skip":true},"36":{"start":{"line":125,"column":12},"end":{"line":140,"column":14},"skip":true},"37":{"start":{"line":126,"column":16},"end":{"line":126,"column":28},"skip":true},"38":{"start":{"line":127,"column":16},"end":{"line":127,"column":69},"skip":true},"39":{"start":{"line":128,"column":16},"end":{"line":128,"column":75},"skip":true},"40":{"start":{"line":129,"column":16},"end":{"line":131,"column":17},"skip":true},"41":{"start":{"line":130,"column":20},"end":{"line":130,"column":27},"skip":true},"42":{"start":{"line":133,"column":16},"end":{"line":137,"column":36},"skip":true},"43":{"start":{"line":134,"column":20},"end":{"line":136,"column":55},"skip":true},"44":{"start":{"line":139,"column":16},"end":{"line":139,"column":57},"skip":true},"45":{"start":{"line":143,"column":8},"end":{"line":147,"column":11},"skip":true},"46":{"start":{"line":144,"column":12},"end":{"line":146,"column":15},"skip":true},"47":{"start":{"line":145,"column":16},"end":{"line":145,"column":70},"skip":true},"48":{"start":{"line":149,"column":8},"end":{"line":149,"column":31},"skip":true},"49":{"start":{"line":150,"column":8},"end":{"line":150,"column":14},"skip":true},"50":{"start":{"line":158,"column":8},"end":{"line":158,"column":31},"skip":true},"51":{"start":{"line":160,"column":8},"end":{"line":160,"column":33},"skip":true},"52":{"start":{"line":161,"column":8},"end":{"line":161,"column":37},"skip":true},"53":{"start":{"line":162,"column":8},"end":{"line":162,"column":35},"skip":true},"54":{"start":{"line":164,"column":8},"end":{"line":164,"column":50},"skip":true},"55":{"start":{"line":166,"column":8},"end":{"line":256,"column":2},"skip":true},"56":{"start":{"line":258,"column":8},"end":{"line":286,"column":9},"skip":true},"57":{"start":{"line":259,"column":12},"end":{"line":269,"column":14},"skip":true},"58":{"start":{"line":271,"column":12},"end":{"line":285,"column":19},"skip":true},"59":{"start":{"line":274,"column":20},"end":{"line":274,"column":35},"skip":true},"60":{"start":{"line":275,"column":20},"end":{"line":284,"column":21},"skip":true},"61":{"start":{"line":277,"column":24},"end":{"line":277,"column":64},"skip":true},"62":{"start":{"line":279,"column":24},"end":{"line":279,"column":40},"skip":true},"63":{"start":{"line":281,"column":24},"end":{"line":281,"column":40},"skip":true},"64":{"start":{"line":283,"column":24},"end":{"line":283,"column":39},"skip":true},"65":{"start":{"line":288,"column":8},"end":{"line":290,"column":9},"skip":true},"66":{"start":{"line":289,"column":12},"end":{"line":289,"column":18},"skip":true},"67":{"start":{"line":291,"column":8},"end":{"line":293,"column":54},"skip":true},"68":{"start":{"line":296,"column":8},"end":{"line":301,"column":37},"skip":true},"69":{"start":{"line":303,"column":8},"end":{"line":303,"column":82},"skip":true},"70":{"start":{"line":306,"column":8},"end":{"line":308,"column":9},"skip":true},"71":{"start":{"line":307,"column":12},"end":{"line":307,"column":82},"skip":true},"72":{"start":{"line":310,"column":8},"end":{"line":312,"column":9},"skip":true},"73":{"start":{"line":311,"column":12},"end":{"line":311,"column":18},"skip":true},"74":{"start":{"line":313,"column":8},"end":{"line":313,"column":54},"skip":true},"75":{"start":{"line":314,"column":8},"end":{"line":314,"column":69},"skip":true},"76":{"start":{"line":315,"column":8},"end":{"line":323,"column":36},"skip":true},"77":{"start":{"line":316,"column":12},"end":{"line":316,"column":61},"skip":true},"78":{"start":{"line":317,"column":12},"end":{"line":320,"column":13},"skip":true},"79":{"start":{"line":318,"column":16},"end":{"line":318,"column":75},"skip":true},"80":{"start":{"line":319,"column":16},"end":{"line":319,"column":23},"skip":true},"81":{"start":{"line":321,"column":12},"end":{"line":321,"column":38},"skip":true},"82":{"start":{"line":322,"column":12},"end":{"line":322,"column":27},"skip":true},"83":{"start":{"line":324,"column":8},"end":{"line":324,"column":14},"skip":true}},"branchMap":{"1":{"line":39,"type":"binary-expr","locations":[{"start":{"line":39,"column":23},"end":{"line":39,"column":62}},{"start":{"line":40,"column":20},"end":{"line":40,"column":70}},{"start":{"line":41,"column":20},"end":{"line":41,"column":71}},{"start":{"line":42,"column":20},"end":{"line":42,"column":29}}]},"2":{"line":44,"type":"binary-expr","locations":[{"start":{"line":44,"column":23},"end":{"line":44,"column":37}},{"start":{"line":45,"column":20},"end":{"line":45,"column":61}},{"start":{"line":46,"column":20},"end":{"line":46,"column":70}},{"start":{"line":47,"column":20},"end":{"line":47,"column":26}}]},"3":{"line":51,"type":"cond-expr","locations":[{"start":{"line":52,"column":14},"end":{"line":52,"column":20}},{"start":{"line":53,"column":14},"end":{"line":53,"column":20}}]},"4":{"line":55,"type":"binary-expr","locations":[{"start":{"line":55,"column":16},"end":{"line":55,"column":44}},{"start":{"line":55,"column":49},"end":{"line":57,"column":43}}]},"5":{"line":55,"type":"cond-expr","locations":[{"start":{"line":56,"column":14},"end":{"line":56,"column":47}},{"start":{"line":57,"column":14},"end":{"line":57,"column":43}}]},"6":{"line":61,"type":"switch","locations":[{"start":{"line":68,"column":4},"end":{"line":150,"column":14},"skip":true},{"start":{"line":156,"column":4},"end":{"line":324,"column":14},"skip":true}]},"7":{"line":70,"type":"if","locations":[{"start":{"line":70,"column":12},"end":{"line":70,"column":12},"skip":true},{"start":{"line":70,"column":12},"end":{"line":70,"column":12},"skip":true}]},"8":{"line":70,"type":"binary-expr","locations":[{"start":{"line":70,"column":16},"end":{"line":70,"column":22},"skip":true},{"start":{"line":70,"column":27},"end":{"line":70,"column":32},"skip":true},{"start":{"line":71,"column":20},"end":{"line":71,"column":39},"skip":true},{"start":{"line":72,"column":20},"end":{"line":72,"column":49},"skip":true},{"start":{"line":73,"column":20},"end":{"line":73,"column":58},"skip":true},{"start":{"line":74,"column":20},"end":{"line":74,"column":69},"skip":true}]},"9":{"line":79,"type":"switch","locations":[{"start":{"line":80,"column":20},"end":{"line":80,"column":33},"skip":true},{"start":{"line":81,"column":20},"end":{"line":83,"column":30},"skip":true},{"start":{"line":84,"column":20},"end":{"line":85,"column":49},"skip":true}]},"10":{"line":89,"type":"switch","locations":[{"start":{"line":90,"column":12},"end":{"line":103,"column":22},"skip":true},{"start":{"line":105,"column":12},"end":{"line":106,"column":22},"skip":true}]},"11":{"line":89,"type":"binary-expr","locations":[{"start":{"line":89,"column":20},"end":{"line":89,"column":25},"skip":true},{"start":{"line":89,"column":29},"end":{"line":89,"column":48},"skip":true},{"start":{"line":89,"column":52},"end":{"line":89,"column":74},"skip":true}]},"12":{"line":92,"type":"if","locations":[{"start":{"line":92,"column":16},"end":{"line":92,"column":16},"skip":true},{"start":{"line":92,"column":16},"end":{"line":92,"column":16},"skip":true}]},"13":{"line":108,"type":"if","locations":[{"start":{"line":108,"column":12},"end":{"line":108,"column":12},"skip":true},{"start":{"line":108,"column":12},"end":{"line":108,"column":12},"skip":true}]},"14":{"line":108,"type":"binary-expr","locations":[{"start":{"line":108,"column":16},"end":{"line":108,"column":61},"skip":true},{"start":{"line":108,"column":66},"end":{"line":108,"column":72},"skip":true},{"start":{"line":108,"column":77},"end":{"line":108,"column":82},"skip":true},{"start":{"line":109,"column":20},"end":{"line":109,"column":39},"skip":true},{"start":{"line":110,"column":20},"end":{"line":110,"column":49},"skip":true},{"start":{"line":111,"column":20},"end":{"line":111,"column":58},"skip":true},{"start":{"line":112,"column":20},"end":{"line":112,"column":68},"skip":true}]},"15":{"line":129,"type":"if","locations":[{"start":{"line":129,"column":16},"end":{"line":129,"column":16},"skip":true},{"start":{"line":129,"column":16},"end":{"line":129,"column":16},"skip":true}]},"16":{"line":134,"type":"cond-expr","locations":[{"start":{"line":135,"column":26},"end":{"line":135,"column":29},"skip":true},{"start":{"line":136,"column":26},"end":{"line":136,"column":54},"skip":true}]},"17":{"line":164,"type":"binary-expr","locations":[{"start":{"line":164,"column":27},"end":{"line":164,"column":43},"skip":true},{"start":{"line":164,"column":47},"end":{"line":164,"column":49},"skip":true}]},"18":{"line":258,"type":"if","locations":[{"start":{"line":258,"column":8},"end":{"line":258,"column":8},"skip":true},{"start":{"line":258,"column":8},"end":{"line":258,"column":8},"skip":true}]},"19":{"line":275,"type":"switch","locations":[{"start":{"line":276,"column":20},"end":{"line":277,"column":64},"skip":true},{"start":{"line":278,"column":20},"end":{"line":279,"column":40},"skip":true},{"start":{"line":280,"column":20},"end":{"line":281,"column":40},"skip":true},{"start":{"line":282,"column":20},"end":{"line":283,"column":39},"skip":true}]},"20":{"line":288,"type":"if","locations":[{"start":{"line":288,"column":8},"end":{"line":288,"column":8},"skip":true},{"start":{"line":288,"column":8},"end":{"line":288,"column":8},"skip":true}]},"21":{"line":288,"type":"binary-expr","locations":[{"start":{"line":288,"column":12},"end":{"line":288,"column":40},"skip":true},{"start":{"line":288,"column":44},"end":{"line":288,"column":67},"skip":true}]},"22":{"line":292,"type":"binary-expr","locations":[{"start":{"line":292,"column":12},"end":{"line":292,"column":50},"skip":true},{"start":{"line":293,"column":12},"end":{"line":293,"column":53},"skip":true}]},"23":{"line":297,"type":"binary-expr","locations":[{"start":{"line":297,"column":12},"end":{"line":297,"column":61},"skip":true},{"start":{"line":298,"column":12},"end":{"line":301,"column":36},"skip":true}]},"24":{"line":303,"type":"binary-expr","locations":[{"start":{"line":303,"column":43},"end":{"line":303,"column":75},"skip":true},{"start":{"line":303,"column":79},"end":{"line":303,"column":81},"skip":true}]},"25":{"line":306,"type":"if","locations":[{"start":{"line":306,"column":8},"end":{"line":306,"column":8},"skip":true},{"start":{"line":306,"column":8},"end":{"line":306,"column":8},"skip":true}]},"26":{"line":310,"type":"if","locations":[{"start":{"line":310,"column":8},"end":{"line":310,"column":8},"skip":true},{"start":{"line":310,"column":8},"end":{"line":310,"column":8},"skip":true}]},"27":{"line":313,"type":"binary-expr","locations":[{"start":{"line":313,"column":27},"end":{"line":313,"column":43},"skip":true},{"start":{"line":313,"column":47},"end":{"line":313,"column":53},"skip":true}]},"28":{"line":317,"type":"if","locations":[{"start":{"line":317,"column":12},"end":{"line":317,"column":12},"skip":true},{"start":{"line":317,"column":12},"end":{"line":317,"column":12},"skip":true}]}},"code":["/*","example.js","","quickstart example","","instruction","    1. save this script as example.js","    2. run the shell command:","        $ npm install npmtest-kss && PORT=8081 node example.js","    3. play with the browser-demo on http://127.0.0.1:8081","*/","","","","/* istanbul instrument in package npmtest_kss */","/*jslint","    bitwise: true,","    browser: true,","    maxerr: 8,","    maxlen: 96,","    node: true,","    nomen: true,","    regexp: true,","    stupid: true","*/","(function () {","    'use strict';","    var local;","","","","    // run shared js-env code - init-before","    (function () {","        // init local","        local = {};","        // init modeJs","        local.modeJs = (function () {","            try {","                return typeof navigator.userAgent === 'string' &&","                    typeof document.querySelector('body') === 'object' &&","                    typeof XMLHttpRequest.prototype.open === 'function' &&","                    'browser';","            } catch (errorCaughtBrowser) {","                return module.exports &&","                    typeof process.versions.node === 'string' &&","                    typeof require('http').createServer === 'function' &&","                    'node';","            }","        }());","        // init global","        local.global = local.modeJs === 'browser'","            ? window","            : global;","        // init utility2_rollup","        local = local.global.utility2_rollup || (local.modeJs === 'browser'","            ? local.global.utility2_npmtest_kss","            : global.utility2_moduleExports);","        // export local","        local.global.local = local;","    }());","    switch (local.modeJs) {","","","","    // init-after","    // run browser js-env code - init-after","    /* istanbul ignore next */","    case 'browser':","        local.testRunBrowser = function (event) {","            if (!event || (event &&","                    event.currentTarget &&","                    event.currentTarget.className &&","                    event.currentTarget.className.includes &&","                    event.currentTarget.className.includes('onreset'))) {","                // reset output","                Array.from(","                    document.querySelectorAll('body > .resettable')","                ).forEach(function (element) {","                    switch (element.tagName) {","                    case 'INPUT':","                    case 'TEXTAREA':","                        element.value = '';","                        break;","                    default:","                        element.textContent = '';","                    }","                });","            }","            switch (event && event.currentTarget && event.currentTarget.id) {","            case 'testRunButton1':","                // show tests","                if (document.querySelector('#testReportDiv1').style.display === 'none') {","                    document.querySelector('#testReportDiv1').style.display = 'block';","                    document.querySelector('#testRunButton1').textContent =","                        'hide internal test';","                    local.modeTest = true;","                    local.testRunDefault(local);","                // hide tests","                } else {","                    document.querySelector('#testReportDiv1').style.display = 'none';","                    document.querySelector('#testRunButton1').textContent = 'run internal test';","                }","                break;","            // custom-case","            default:","                break;","            }","            if (document.querySelector('#inputTextareaEval1') && (!event || (event &&","                    event.currentTarget &&","                    event.currentTarget.className &&","                    event.currentTarget.className.includes &&","                    event.currentTarget.className.includes('oneval')))) {","                // try to eval input-code","                try {","                    /*jslint evil: true*/","                    eval(document.querySelector('#inputTextareaEval1').value);","                } catch (errorCaught) {","                    console.error(errorCaught);","                }","            }","        };","        // log stderr and stdout to #outputTextareaStdout1","        ['error', 'log'].forEach(function (key) {","            console[key + '_original'] = console[key];","            console[key] = function () {","                var element;","                console[key + '_original'].apply(console, arguments);","                element = document.querySelector('#outputTextareaStdout1');","                if (!element) {","                    return;","                }","                // append text to #outputTextareaStdout1","                element.value += Array.from(arguments).map(function (arg) {","                    return typeof arg === 'string'","                        ? arg","                        : JSON.stringify(arg, null, 4);","                }).join(' ') + '\\n';","                // scroll textarea to bottom","                element.scrollTop = element.scrollHeight;","            };","        });","        // init event-handling","        ['change', 'click', 'keyup'].forEach(function (event) {","            Array.from(document.querySelectorAll('.on' + event)).forEach(function (element) {","                element.addEventListener(event, local.testRunBrowser);","            });","        });","        // run tests","        local.testRunBrowser();","        break;","","","","    // run node js-env code - init-after","    /* istanbul ignore next */","    case 'node':","        // export local","        module.exports = local;","        // require modules","        local.fs = require('fs');","        local.http = require('http');","        local.url = require('url');","        // init assets","        local.assetsDict = local.assetsDict || {};","        /* jslint-ignore-begin */","        local.assetsDict['/assets.index.template.html'] = '\\","<!doctype html>\\n\\","<html lang=\"en\">\\n\\","<head>\\n\\","<meta charset=\"UTF-8\">\\n\\","<meta name=\"viewport\" content=\"width=device-width, initial-scale=1\">\\n\\","<title>{{env.npm_package_name}} (v{{env.npm_package_version}})</title>\\n\\","<style>\\n\\","/*csslint\\n\\","    box-sizing: false,\\n\\","    universal-selector: false\\n\\","*/\\n\\","* {\\n\\","    box-sizing: border-box;\\n\\","}\\n\\","body {\\n\\","    background: #dde;\\n\\","    font-family: Arial, Helvetica, sans-serif;\\n\\","    margin: 2rem;\\n\\","}\\n\\","body > * {\\n\\","    margin-bottom: 1rem;\\n\\","}\\n\\",".utility2FooterDiv {\\n\\","    margin-top: 20px;\\n\\","    text-align: center;\\n\\","}\\n\\","</style>\\n\\","<style>\\n\\","/*csslint\\n\\","*/\\n\\","textarea {\\n\\","    font-family: monospace;\\n\\","    height: 10rem;\\n\\","    width: 100%;\\n\\","}\\n\\","textarea[readonly] {\\n\\","    background: #ddd;\\n\\","}\\n\\","</style>\\n\\","</head>\\n\\","<body>\\n\\","<!-- utility2-comment\\n\\","<div id=\"ajaxProgressDiv1\" style=\"background: #d00; height: 2px; left: 0; margin: 0; padding: 0; position: fixed; top: 0; transition: background 0.5s, width 1.5s; width: 25%;\"></div>\\n\\","utility2-comment -->\\n\\","<h1>\\n\\","<!-- utility2-comment\\n\\","    <a\\n\\","        {{#if env.npm_package_homepage}}\\n\\","        href=\"{{env.npm_package_homepage}}\"\\n\\","        {{/if env.npm_package_homepage}}\\n\\","        target=\"_blank\"\\n\\","    >\\n\\","utility2-comment -->\\n\\","        {{env.npm_package_name}} (v{{env.npm_package_version}})\\n\\","<!-- utility2-comment\\n\\","    </a>\\n\\","utility2-comment -->\\n\\","</h1>\\n\\","<h3>{{env.npm_package_description}}</h3>\\n\\","<!-- utility2-comment\\n\\","<h4><a download href=\"assets.app.js\">download standalone app</a></h4>\\n\\","<button class=\"onclick onreset\" id=\"testRunButton1\">run internal test</button><br>\\n\\","<div id=\"testReportDiv1\" style=\"display: none;\"></div>\\n\\","utility2-comment -->\\n\\","\\n\\","\\n\\","\\n\\","<label>stderr and stdout</label>\\n\\","<textarea class=\"resettable\" id=\"outputTextareaStdout1\" readonly></textarea>\\n\\","<!-- utility2-comment\\n\\","{{#if isRollup}}\\n\\","<script src=\"assets.app.js\"></script>\\n\\","{{#unless isRollup}}\\n\\","utility2-comment -->\\n\\","<script src=\"assets.utility2.rollup.js\"></script>\\n\\","<script src=\"jsonp.utility2._stateInit?callback=window.utility2._stateInit\"></script>\\n\\","<script src=\"assets.npmtest_kss.rollup.js\"></script>\\n\\","<script src=\"assets.example.js\"></script>\\n\\","<script src=\"assets.test.js\"></script>\\n\\","<!-- utility2-comment\\n\\","{{/if isRollup}}\\n\\","utility2-comment -->\\n\\","<div class=\"utility2FooterDiv\">\\n\\","    [ this app was created with\\n\\","    <a href=\"https://github.com/kaizhu256/node-utility2\" target=\"_blank\">utility2</a>\\n\\","    ]\\n\\","</div>\\n\\","</body>\\n\\","</html>\\n\\","';","        /* jslint-ignore-end */","        if (local.templateRender) {","            local.assetsDict['/'] = local.templateRender(","                local.assetsDict['/assets.index.template.html'],","                {","                    env: local.objectSetDefault(local.env, {","                        npm_package_description: 'the greatest app in the world!',","                        npm_package_name: 'my-app',","                        npm_package_nameAlias: 'my_app',","                        npm_package_version: '0.0.1'","                    })","                }","            );","        } else {","            local.assetsDict['/'] = local.assetsDict['/assets.index.template.html']","                .replace((/\\{\\{env\\.(\\w+?)\\}\\}/g), function (match0, match1) {","                    // jslint-hack","                    String(match0);","                    switch (match1) {","                    case 'npm_package_description':","                        return 'the greatest app in the world!';","                    case 'npm_package_name':","                        return 'my-app';","                    case 'npm_package_nameAlias':","                        return 'my_app';","                    case 'npm_package_version':","                        return '0.0.1';","                    }","                });","        }","        // run the cli","        if (local.global.utility2_rollup || module !== require.main) {","            break;","        }","        local.assetsDict['/assets.example.js'] =","            local.assetsDict['/assets.example.js'] ||","            local.fs.readFileSync(__filename, 'utf8');","        // bug-workaround - long $npm_package_buildCustomOrg","        /* jslint-ignore-begin */","        local.assetsDict['/assets.npmtest_kss.rollup.js'] =","            local.assetsDict['/assets.npmtest_kss.rollup.js'] ||","            local.fs.readFileSync(","                local.npmtest_kss.__dirname + '/lib.npmtest_kss.js',","                'utf8'","            ).replace((/^#!/), '//');","        /* jslint-ignore-end */","        local.assetsDict['/favicon.ico'] = local.assetsDict['/favicon.ico'] || '';","        // if $npm_config_timeout_exit exists,","        // then exit this process after $npm_config_timeout_exit ms","        if (Number(process.env.npm_config_timeout_exit)) {","            setTimeout(process.exit, Number(process.env.npm_config_timeout_exit));","        }","        // start server","        if (local.global.utility2_serverHttp1) {","            break;","        }","        process.env.PORT = process.env.PORT || '8081';","        console.error('server starting on port ' + process.env.PORT);","        local.http.createServer(function (request, response) {","            request.urlParsed = local.url.parse(request.url);","            if (local.assetsDict[request.urlParsed.pathname] !== undefined) {","                response.end(local.assetsDict[request.urlParsed.pathname]);","                return;","            }","            response.statusCode = 404;","            response.end();","        }).listen(process.env.PORT);","        break;","    }","}());",""],"l":{"26":2,"28":2,"33":2,"35":2,"37":2,"38":2,"39":2,"44":1,"51":2,"55":2,"59":2,"61":2,"69":1,"70":2,"76":2,"79":2,"82":2,"83":2,"85":1,"89":2,"92":1,"93":1,"94":1,"96":1,"97":1,"100":1,"101":1,"103":1,"106":1,"108":2,"114":1,"116":1,"118":1,"123":1,"124":2,"125":2,"126":3,"127":3,"128":3,"129":3,"130":1,"133":3,"134":3,"139":3,"143":1,"144":3,"145":1,"149":1,"150":1,"158":1,"160":1,"161":1,"162":1,"164":1,"166":1,"258":1,"259":1,"271":1,"274":6,"275":6,"277":1,"279":2,"281":1,"283":2,"288":1,"289":1,"291":1,"296":1,"303":1,"306":1,"307":1,"310":1,"311":1,"313":1,"314":1,"315":1,"316":1,"317":1,"318":1,"319":1,"321":1,"322":1,"324":1}},"/home/travis/build/npmtest/node-npmtest-kss/node_modules/kss/index.js":{"path":"/home/travis/build/npmtest/node-npmtest-kss/node_modules/kss/index.js","s":{"1":1},"b":{},"f":{},"fnMap":{},"statementMap":{"1":{"start":{"line":3,"column":0},"end":{"line":3,"column":41}}},"branchMap":{},"code":["'use strict';","","module.exports = require('./lib/kss.js');",""],"l":{"3":1}},"/home/travis/build/npmtest/node-npmtest-kss/node_modules/kss/lib/kss.js":{"path":"/home/travis/build/npmtest/node-npmtest-kss/node_modules/kss/lib/kss.js","s":{"1":5,"2":0,"3":0,"4":0,"5":0,"6":0,"7":0,"8":0,"9":0,"10":0,"11":0,"12":0,"13":0,"14":0,"15":0,"16":0,"17":0,"18":0,"19":0,"20":0,"21":0,"22":0,"23":0,"24":0},"b":{"1":[0,0],"2":[0,0],"3":[0,0],"4":[0,0],"5":[0,0],"6":[0,0],"7":[0,0],"8":[0,0,0]},"f":{"1":0},"fnMap":{"1":{"name":"(anonymous_1)","line":38,"loc":{"start":{"line":38,"column":10},"end":{"line":38,"column":34}}}},"statementMap":{"1":{"start":{"line":29,"column":0},"end":{"line":29,"column":30}},"2":{"start":{"line":38,"column":0},"end":{"line":74,"column":2}},"3":{"start":{"line":39,"column":2},"end":{"line":40,"column":20}},"4":{"start":{"line":43,"column":2},"end":{"line":43,"column":91}},"5":{"start":{"line":44,"column":2},"end":{"line":44,"column":91}},"6":{"start":{"line":47,"column":2},"end":{"line":47,"column":34}},"7":{"start":{"line":48,"column":2},"end":{"line":65,"column":3}},"8":{"start":{"line":49,"column":4},"end":{"line":64,"column":5}},"9":{"start":{"line":50,"column":6},"end":{"line":50,"column":29}},"10":{"start":{"line":51,"column":6},"end":{"line":53,"column":7}},"11":{"start":{"line":52,"column":8},"end":{"line":52,"column":26}},"12":{"start":{"line":54,"column":6},"end":{"line":63,"column":7}},"13":{"start":{"line":55,"column":8},"end":{"line":62,"column":9}},"14":{"start":{"line":59,"column":10},"end":{"line":59,"column":33}},"15":{"start":{"line":61,"column":10},"end":{"line":61,"column":44}},"16":{"start":{"line":69,"column":2},"end":{"line":73,"column":11}},"17":{"start":{"line":76,"column":0},"end":{"line":76,"column":21}},"18":{"start":{"line":77,"column":0},"end":{"line":77,"column":54}},"19":{"start":{"line":78,"column":0},"end":{"line":78,"column":62}},"20":{"start":{"line":79,"column":0},"end":{"line":79,"column":56}},"21":{"start":{"line":80,"column":0},"end":{"line":80,"column":58}},"22":{"start":{"line":81,"column":0},"end":{"line":81,"column":60}},"23":{"start":{"line":82,"column":0},"end":{"line":82,"column":45}},"24":{"start":{"line":83,"column":0},"end":{"line":83,"column":51}}},"branchMap":{"1":{"line":43,"type":"cond-expr","locations":[{"start":{"line":43,"column":53},"end":{"line":43,"column":73}},{"start":{"line":43,"column":76},"end":{"line":43,"column":90}}]},"2":{"line":43,"type":"binary-expr","locations":[{"start":{"line":43,"column":12},"end":{"line":43,"column":25}},{"start":{"line":43,"column":29},"end":{"line":43,"column":49}}]},"3":{"line":44,"type":"cond-expr","locations":[{"start":{"line":44,"column":53},"end":{"line":44,"column":73}},{"start":{"line":44,"column":76},"end":{"line":44,"column":90}}]},"4":{"line":44,"type":"binary-expr","locations":[{"start":{"line":44,"column":12},"end":{"line":44,"column":25}},{"start":{"line":44,"column":29},"end":{"line":44,"column":49}}]},"5":{"line":49,"type":"if","locations":[{"start":{"line":49,"column":4},"end":{"line":49,"column":4}},{"start":{"line":49,"column":4},"end":{"line":49,"column":4}}]},"6":{"line":51,"type":"if","locations":[{"start":{"line":51,"column":6},"end":{"line":51,"column":6}},{"start":{"line":51,"column":6},"end":{"line":51,"column":6}}]},"7":{"line":55,"type":"if","locations":[{"start":{"line":55,"column":8},"end":{"line":55,"column":8}},{"start":{"line":55,"column":8},"end":{"line":55,"column":8}}]},"8":{"line":55,"type":"binary-expr","locations":[{"start":{"line":55,"column":12},"end":{"line":55,"column":30}},{"start":{"line":56,"column":13},"end":{"line":56,"column":43}},{"start":{"line":57,"column":13},"end":{"line":57,"column":45}}]}},"code":["/* eslint-disable key-spacing */","","'use strict';","","/**"," * The core kss API can be imported with:"," * ```"," * var kss = require('kss');"," * ```"," *"," * The main object is a function that will generate a style guide given the"," * correct options."," * ```"," * kss(opts, callback);"," * ```"," * The various constructors and methods can then be accessed with:"," * ```"," * var kssStyleguide = new kss.KssStyleguide();"," * var kssSection    = new kss.KssSection();"," * var kssModifier   = new kss.KssModifier();"," * var kssParameter  = new kss.KssParameter();"," * var kssConfig     = new kss.KssConfig();"," * kss.parse();"," * kss.traverse();"," * ```"," * @module kss"," */","","var cli = require('./cli.js');","","/**"," * Generates a style guide given the proper options."," *"," * @param {object} options A collection of configuration options."," * @param {Function} done Callback function"," * @returns {*} null"," */","var kss = function(options, done) {","  var stdout, stderr, argv,","    flag, values, i;","","  // Allow options to provide an alternative to the process' stdout/stderr.","  stdout = (options.pipes && options.pipes.stdout) ? options.pipes.stdout : process.stdout;","  stderr = (options.pipes && options.pipes.stderr) ? options.pipes.stderr : process.stderr;","","  // Create an argv-like Array from the options.","  argv = ['node', 'bin/kss-node'];","  for (flag in options) {","    if (options.hasOwnProperty(flag)) {","      values = options[flag];","      if (!Array.isArray(values)) {","        values = [values];","      }","      for (i = 0; i < values.length; i++) {","        if (values[i] === null","          || typeof values[i] === 'boolean'","          || typeof values[i] === 'undefined'","        ) {","          argv.push('--' + flag);","        } else {","          argv.push('--' + flag, values[i]);","        }","      }","    }","  }","","  // @TODO: This is a bit backwards, but our CLI came first. So now our \"pure\"","  // JavaScript API is calling the cli module. In 3.x, swap this around.","  return cli({","    stdout: stdout,","    stderr: stderr,","    argv: argv","  }, done);","};","","module.exports = kss;","module.exports.KssConfig = require('./kss_config.js');","module.exports.KssStyleguide = require('./kss_styleguide.js');","module.exports.KssSection = require('./kss_section.js');","module.exports.KssModifier = require('./kss_modifier.js');","module.exports.KssParameter = require('./kss_parameter.js');","module.exports.parse = require('./parse.js');","module.exports.traverse = require('./traverse.js');",""],"l":{"29":5,"38":0,"39":0,"43":0,"44":0,"47":0,"48":0,"49":0,"50":0,"51":0,"52":0,"54":0,"55":0,"59":0,"61":0,"69":0,"76":0,"77":0,"78":0,"79":0,"80":0,"81":0,"82":0,"83":0}},"/home/travis/build/npmtest/node-npmtest-kss/node_modules/kss/lib/cli.js":{"path":"/home/travis/build/npmtest/node-npmtest-kss/node_modules/kss/lib/cli.js","s":{"1":7,"2":0,"3":0,"4":0,"5":0,"6":0,"7":0,"8":0,"9":0,"10":0,"11":0,"12":0,"13":0,"14":0,"15":0,"16":0,"17":0,"18":0,"19":0,"20":0,"21":0,"22":0,"23":0,"24":0,"25":0,"26":0,"27":0,"28":0,"29":0,"30":0,"31":0,"32":0,"33":0,"34":0,"35":0,"36":0,"37":0,"38":0,"39":0,"40":0,"41":0,"42":0,"43":0,"44":0,"45":0,"46":0,"47":0,"48":0,"49":0,"50":0,"51":0,"52":0,"53":0,"54":0,"55":0,"56":0,"57":0,"58":0,"59":0,"60":0,"61":0,"62":0,"63":0,"64":0,"65":0,"66":0,"67":0,"68":0,"69":0,"70":0,"71":0},"b":{"1":[0,0],"2":[0,0],"3":[0,0],"4":[0,0],"5":[0,0],"6":[0,0],"7":[0,0],"8":[0,0],"9":[0,0],"10":[0,0],"11":[0,0],"12":[0,0],"13":[0,0],"14":[0,0],"15":[0,0],"16":[0,0]},"f":{"1":0,"2":0,"3":0,"4":0,"5":0,"6":0,"7":0,"8":0,"9":0,"10":0,"11":0},"fnMap":{"1":{"name":"(anonymous_1)","line":12,"loc":{"start":{"line":12,"column":6},"end":{"line":12,"column":27}}},"2":{"name":"(anonymous_2)","line":49,"loc":{"start":{"line":49,"column":26},"end":{"line":49,"column":37}}},"3":{"name":"(anonymous_3)","line":55,"loc":{"start":{"line":55,"column":27},"end":{"line":55,"column":38}}},"4":{"name":"(anonymous_4)","line":91,"loc":{"start":{"line":91,"column":27},"end":{"line":91,"column":38}}},"5":{"name":"(anonymous_5)","line":100,"loc":{"start":{"line":100,"column":13},"end":{"line":100,"column":29}}},"6":{"name":"(anonymous_6)","line":137,"loc":{"start":{"line":137,"column":134},"end":{"line":137,"column":150}}},"7":{"name":"(anonymous_7)","line":148,"loc":{"start":{"line":148,"column":71},"end":{"line":148,"column":87}}},"8":{"name":"(anonymous_8)","line":171,"loc":{"start":{"line":171,"column":35},"end":{"line":171,"column":51}}},"9":{"name":"(anonymous_9)","line":177,"loc":{"start":{"line":177,"column":20},"end":{"line":177,"column":48}}},"10":{"name":"(anonymous_10)","line":183,"loc":{"start":{"line":183,"column":36},"end":{"line":183,"column":64}}},"11":{"name":"(anonymous_11)","line":189,"loc":{"start":{"line":189,"column":39},"end":{"line":189,"column":55}}}},"statementMap":{"1":{"start":{"line":4,"column":0},"end":{"line":8,"column":27}},"2":{"start":{"line":10,"column":0},"end":{"line":10,"column":8}},"3":{"start":{"line":12,"column":0},"end":{"line":203,"column":2}},"4":{"start":{"line":13,"column":2},"end":{"line":19,"column":9}},"5":{"start":{"line":21,"column":2},"end":{"line":21,"column":23}},"6":{"start":{"line":22,"column":2},"end":{"line":22,"column":23}},"7":{"start":{"line":23,"column":2},"end":{"line":23,"column":25}},"8":{"start":{"line":26,"column":2},"end":{"line":45,"column":5}},"9":{"start":{"line":49,"column":2},"end":{"line":54,"column":4}},"10":{"start":{"line":51,"column":4},"end":{"line":53,"column":34}},"11":{"start":{"line":55,"column":2},"end":{"line":57,"column":4}},"12":{"start":{"line":56,"column":4},"end":{"line":56,"column":43}},"13":{"start":{"line":60,"column":2},"end":{"line":60,"column":27}},"14":{"start":{"line":63,"column":2},"end":{"line":84,"column":3}},"15":{"start":{"line":66,"column":4},"end":{"line":66,"column":75}},"16":{"start":{"line":67,"column":4},"end":{"line":67,"column":29}},"17":{"start":{"line":68,"column":4},"end":{"line":68,"column":132}},"18":{"start":{"line":72,"column":4},"end":{"line":72,"column":42}},"19":{"start":{"line":73,"column":4},"end":{"line":83,"column":5}},"20":{"start":{"line":75,"column":6},"end":{"line":77,"column":7}},"21":{"start":{"line":76,"column":8},"end":{"line":76,"column":56}},"22":{"start":{"line":80,"column":6},"end":{"line":80,"column":49}},"23":{"start":{"line":82,"column":6},"end":{"line":82,"column":31}},"24":{"start":{"line":88,"column":2},"end":{"line":88,"column":40}},"25":{"start":{"line":91,"column":2},"end":{"line":97,"column":5}},"26":{"start":{"line":92,"column":4},"end":{"line":92,"column":21}},"27":{"start":{"line":93,"column":4},"end":{"line":95,"column":5}},"28":{"start":{"line":94,"column":6},"end":{"line":94,"column":30}},"29":{"start":{"line":96,"column":4},"end":{"line":96,"column":33}},"30":{"start":{"line":100,"column":2},"end":{"line":108,"column":4}},"31":{"start":{"line":102,"column":4},"end":{"line":106,"column":5}},"32":{"start":{"line":103,"column":6},"end":{"line":103,"column":33}},"33":{"start":{"line":105,"column":6},"end":{"line":105,"column":53}},"34":{"start":{"line":107,"column":4},"end":{"line":107,"column":23}},"35":{"start":{"line":113,"column":2},"end":{"line":124,"column":4}},"36":{"start":{"line":127,"column":2},"end":{"line":130,"column":3}},"37":{"start":{"line":128,"column":4},"end":{"line":128,"column":32}},"38":{"start":{"line":129,"column":4},"end":{"line":129,"column":22}},"39":{"start":{"line":133,"column":2},"end":{"line":133,"column":24}},"40":{"start":{"line":136,"column":2},"end":{"line":142,"column":3}},"41":{"start":{"line":137,"column":4},"end":{"line":141,"column":7}},"42":{"start":{"line":138,"column":6},"end":{"line":140,"column":7}},"43":{"start":{"line":139,"column":8},"end":{"line":139,"column":31}},"44":{"start":{"line":145,"column":2},"end":{"line":162,"column":3}},"45":{"start":{"line":146,"column":4},"end":{"line":146,"column":60}},"46":{"start":{"line":148,"column":4},"end":{"line":158,"column":7}},"47":{"start":{"line":149,"column":6},"end":{"line":151,"column":7}},"48":{"start":{"line":150,"column":8},"end":{"line":150,"column":31}},"49":{"start":{"line":153,"column":6},"end":{"line":153,"column":96}},"50":{"start":{"line":154,"column":6},"end":{"line":154,"column":81}},"51":{"start":{"line":157,"column":6},"end":{"line":157,"column":24}},"52":{"start":{"line":161,"column":4},"end":{"line":161,"column":11}},"53":{"start":{"line":165,"column":2},"end":{"line":167,"column":3}},"54":{"start":{"line":166,"column":4},"end":{"line":166,"column":102}},"55":{"start":{"line":171,"column":2},"end":{"line":202,"column":5}},"56":{"start":{"line":172,"column":4},"end":{"line":174,"column":5}},"57":{"start":{"line":173,"column":6},"end":{"line":173,"column":29}},"58":{"start":{"line":177,"column":4},"end":{"line":201,"column":7}},"59":{"start":{"line":178,"column":6},"end":{"line":180,"column":7}},"60":{"start":{"line":179,"column":8},"end":{"line":179,"column":31}},"61":{"start":{"line":183,"column":6},"end":{"line":200,"column":9}},"62":{"start":{"line":184,"column":8},"end":{"line":186,"column":9}},"63":{"start":{"line":185,"column":10},"end":{"line":185,"column":33}},"64":{"start":{"line":189,"column":8},"end":{"line":199,"column":11}},"65":{"start":{"line":190,"column":10},"end":{"line":192,"column":11}},"66":{"start":{"line":191,"column":12},"end":{"line":191,"column":35}},"67":{"start":{"line":193,"column":10},"end":{"line":195,"column":11}},"68":{"start":{"line":194,"column":12},"end":{"line":194,"column":30}},"69":{"start":{"line":196,"column":10},"end":{"line":196,"column":74}},"70":{"start":{"line":198,"column":10},"end":{"line":198,"column":28}},"71":{"start":{"line":205,"column":0},"end":{"line":205,"column":21}}},"branchMap":{"1":{"line":23,"type":"binary-expr","locations":[{"start":{"line":23,"column":9},"end":{"line":23,"column":18}},{"start":{"line":23,"column":22},"end":{"line":23,"column":24}}]},"2":{"line":63,"type":"if","locations":[{"start":{"line":63,"column":2},"end":{"line":63,"column":2}},{"start":{"line":63,"column":2},"end":{"line":63,"column":2}}]},"3":{"line":73,"type":"if","locations":[{"start":{"line":73,"column":4},"end":{"line":73,"column":4}},{"start":{"line":73,"column":4},"end":{"line":73,"column":4}}]},"4":{"line":75,"type":"if","locations":[{"start":{"line":75,"column":6},"end":{"line":75,"column":6}},{"start":{"line":75,"column":6},"end":{"line":75,"column":6}}]},"5":{"line":102,"type":"if","locations":[{"start":{"line":102,"column":4},"end":{"line":102,"column":4}},{"start":{"line":102,"column":4},"end":{"line":102,"column":4}}]},"6":{"line":127,"type":"if","locations":[{"start":{"line":127,"column":2},"end":{"line":127,"column":2}},{"start":{"line":127,"column":2},"end":{"line":127,"column":2}}]},"7":{"line":136,"type":"if","locations":[{"start":{"line":136,"column":2},"end":{"line":136,"column":2}},{"start":{"line":136,"column":2},"end":{"line":136,"column":2}}]},"8":{"line":138,"type":"if","locations":[{"start":{"line":138,"column":6},"end":{"line":138,"column":6}},{"start":{"line":138,"column":6},"end":{"line":138,"column":6}}]},"9":{"line":145,"type":"if","locations":[{"start":{"line":145,"column":2},"end":{"line":145,"column":2}},{"start":{"line":145,"column":2},"end":{"line":145,"column":2}}]},"10":{"line":149,"type":"if","locations":[{"start":{"line":149,"column":6},"end":{"line":149,"column":6}},{"start":{"line":149,"column":6},"end":{"line":149,"column":6}}]},"11":{"line":165,"type":"if","locations":[{"start":{"line":165,"column":2},"end":{"line":165,"column":2}},{"start":{"line":165,"column":2},"end":{"line":165,"column":2}}]},"12":{"line":172,"type":"if","locations":[{"start":{"line":172,"column":4},"end":{"line":172,"column":4}},{"start":{"line":172,"column":4},"end":{"line":172,"column":4}}]},"13":{"line":178,"type":"if","locations":[{"start":{"line":178,"column":6},"end":{"line":178,"column":6}},{"start":{"line":178,"column":6},"end":{"line":178,"column":6}}]},"14":{"line":184,"type":"if","locations":[{"start":{"line":184,"column":8},"end":{"line":184,"column":8}},{"start":{"line":184,"column":8},"end":{"line":184,"column":8}}]},"15":{"line":190,"type":"if","locations":[{"start":{"line":190,"column":10},"end":{"line":190,"column":10}},{"start":{"line":190,"column":10},"end":{"line":190,"column":10}}]},"16":{"line":193,"type":"if","locations":[{"start":{"line":193,"column":10},"end":{"line":193,"column":10}},{"start":{"line":193,"column":10},"end":{"line":193,"column":10}}]}},"code":["'use strict';","","// var Promise = require('bluebird'),","var fs = require('fs-extra'),","  KssConfig = require('./kss_config.js'),","  path = require('path'),","  version = require('../package.json').version,","  yargs = require('yargs');","","var cli;","","cli = function(opts, done) {","  var generator,","    kssConfig = new KssConfig(),","    logError,","    positionalParams,","    stdout,","    stderr,","    argv;","","  stdout = opts.stdout;","  stderr = opts.stderr;","  argv = opts.argv || [];","","  // Add options only needed by the CLI or yargs.","  kssConfig.addOptions({","    // @TODO: Add stdin option.","    // 'stdin': {","    //   group: 'File locations:',","    //   multiple: false,","    //   boolean: true,","    //   describe: 'Reads the source from standard input',","    //  default: false","    // },","    'xdemo': {","      multiple: false,","      boolean: true,","      describe: 'Builds a KSS demo.',","      default: false","    },","    // Prevent yargs from complaining about JSON comments in the config file.","    '//': {","      describe: 'JSON configurations will ignore comments.'","    }","  });","","  // The interaction between Yargs and KssConfig is persnickety, so we extend","  // both objects to add convenience methods to handle the details.","  yargs.parseKssOptions = function() {","    // First 2 args are \"node\" and path to kss-node script; we don't need them.","    return yargs(argv.slice(2))","      // Yargs needs the options that kssConfig has collected.","      .options(kssConfig.options);","  };","  kssConfig.setFromYargs = function() {","    this.set(yargs.parseKssOptions().argv);","  };","","  // Get the config passed from CLI's argv.","  kssConfig.setFromYargs();","","  // If the demo is requested, load the settings from its config file.","  if (kssConfig.get('xdemo')) {","    // Add the configuration file to the raw arguments list; otherwise, Yargs","    // won't read the config from the JSON file.","    argv.push('--config', path.join(__dirname, '../demo/kss-config.json'));","    kssConfig.setFromYargs();","    stdout.write('WELCOME to the kss-node demo! We\\'ve turned on the --verbose flag so you can see what kss-node is doing.' + '\\n');","","  } else {","    // Check if there are unnamed parameters.","    positionalParams = kssConfig.get('_');","    if (positionalParams.length > 0) {","      // Check if the destination is the second unnamed parameter.","      if (positionalParams.length > 1) {","        argv.push('--destination', positionalParams[1]);","      }","","      // The source directory is the first unnamed parameter.","      argv.push('--source', positionalParams[0]);","","      kssConfig.setFromYargs();","    }","  }","","  // Based on the template location specified in the kssConfig, load the","  // requested template's generator.","  generator = kssConfig.loadGenerator();","","  // Set the logging function of the generator.","  generator.setLogFunction(function() {","    var message = '';","    for (var i = 0; i < arguments.length; i++) {","      message += arguments[i];","    }","    stdout.write(message + '\\n');","  });","","  // Set up an error handling function.","  logError = function(error) {","    // Show the full error stack if the verbose flag is used.","    if (kssConfig.get('verbose')) {","      stderr.write(error + '\\n');","    } else {","      stderr.write('Error: ' + error.message + '\\n');","    }","    return done(error);","  };","","  // After the generator is loaded, kssConfig finally knows all the options, so","  // we tell yargs to ensure strictness (i.e. complain if the user tries to","  // configure a non-existant option.","  kssConfig.set(yargs","    .parseKssOptions()","    // And make a help option available.","    .usage('Usage: kss-node [options]')","    .help('help')","      .alias('help', 'h')","      .alias('help', '?')","    .version(version, 'version')","    .strict()","    .wrap(yargs.terminalWidth())","    .argv","  );","","  // If no settings given, display help and exit.","  if (argv.slice(2).length === 0) {","    generator.log(yargs.help());","    return done(null);","  }","","  // Clean up paths and massage settings to expected types.","  kssConfig.normalize();","","  // If we are building the demo, copy the styles.css file to the destination.","  if (kssConfig.get('xdemo')) {","    fs.copy(path.resolve(__dirname, '../demo/styles.css'), path.resolve(kssConfig.get('destination'), 'styles.css'), {clobber: true}, function(error) {","      if (error) {","        return logError(error);","      }","    });","  }","","  // If requested, clone a template and exit.","  if (kssConfig.get('clone')) {","    generator.log('Creating a new style guide template...');","","    generator.clone(kssConfig.get('template'), kssConfig.get('clone'), function(error) {","      if (error) {","        return logError(error);","      }","","      generator.log('You can change it as you like, and use it with your style guide like so:');","      generator.log('kss-node [sourcedir] --template ' + kssConfig.get('clone'));","","      // We're done early!","      return done(null);","    });","","    // generator.clone() is async and we don't want cli() to continue.","    return;","  }","","  // If no source is specified, display help and exit.","  if (!kssConfig.get('source').length) {","    return logError(new Error('No --source specified. Use --help for instructions on proper usage.'));","  }","","  // Initialize the generator.","  /* eslint-disable max-nested-callbacks */","  generator.init(kssConfig.config, function(error) {","    if (error) {","      return logError(error);","    }","","    // Then traverse the source and parse the files found.","    generator.parse(function(error, styleguide) {","      if (error) {","        return logError(error);","      }","","      // Then allow the template to prepare itself and the KssStyleguide object.","      generator.prepare(styleguide, function(error, styleguide) {","        if (error) {","          return logError(error);","        }","","        // Then generate the style guide.","        generator.generate(styleguide, function(error) {","          if (error) {","            return logError(error);","          }","          if (kssConfig.get('verbose')) {","            generator.log('');","          }","          generator.log('Style guide generation completed successfully!');","","          return done(null);","        });","      });","    });","  });","};","","module.exports = cli;",""],"l":{"4":7,"10":0,"12":0,"13":0,"21":0,"22":0,"23":0,"26":0,"49":0,"51":0,"55":0,"56":0,"60":0,"63":0,"66":0,"67":0,"68":0,"72":0,"73":0,"75":0,"76":0,"80":0,"82":0,"88":0,"91":0,"92":0,"93":0,"94":0,"96":0,"100":0,"102":0,"103":0,"105":0,"107":0,"113":0,"127":0,"128":0,"129":0,"133":0,"136":0,"137":0,"138":0,"139":0,"145":0,"146":0,"148":0,"149":0,"150":0,"153":0,"154":0,"157":0,"161":0,"165":0,"166":0,"171":0,"172":0,"173":0,"177":0,"178":0,"179":0,"183":0,"184":0,"185":0,"189":0,"190":0,"191":0,"193":0,"194":0,"196":0,"198":0,"205":0}},"/home/travis/build/npmtest/node-npmtest-kss/node_modules/kss/lib/kss_config.js":{"path":"/home/travis/build/npmtest/node-npmtest-kss/node_modules/kss/lib/kss_config.js","s":{"1":8,"2":8,"3":8,"4":0,"5":0,"6":0,"7":0,"8":0,"9":0,"10":0,"11":0,"12":0,"13":0,"14":0,"15":0,"16":0,"17":0,"18":0,"19":0,"20":0,"21":0,"22":0,"23":0,"24":0,"25":0,"26":0,"27":0,"28":0,"29":0,"30":0,"31":0,"32":0,"33":0,"34":0,"35":0,"36":0,"37":0,"38":0,"39":0,"40":0,"41":0,"42":0,"43":0,"44":0,"45":0,"46":0,"47":0,"48":0,"49":0,"50":0,"51":0,"52":0,"53":0,"54":0,"55":0,"56":0,"57":0,"58":0,"59":0,"60":0,"61":0,"62":0,"63":0,"64":0,"65":0,"66":0,"67":0,"68":0,"69":0,"70":0,"71":0,"72":0,"73":0,"74":0,"75":0,"76":0,"77":0,"78":0,"79":0},"b":{"1":[0,0],"2":[0,0],"3":[0,0],"4":[0,0],"5":[0,0],"6":[0,0],"7":[0,0],"8":[0,0],"9":[0,0],"10":[0,0],"11":[0,0],"12":[0,0],"13":[0,0],"14":[0,0],"15":[0,0],"16":[0,0],"17":[0,0,0],"18":[0,0],"19":[0,0],"20":[0,0],"21":[0,0],"22":[0,0,0],"23":[0,0],"24":[0,0]},"f":{"1":0,"2":0,"3":0,"4":0,"5":0,"6":0,"7":0,"8":0,"9":0,"10":0},"fnMap":{"1":{"name":"(anonymous_1)","line":106,"loc":{"start":{"line":106,"column":12},"end":{"line":106,"column":29}}},"2":{"name":"(anonymous_2)","line":122,"loc":{"start":{"line":122,"column":26},"end":{"line":122,"column":43}}},"3":{"name":"(anonymous_3)","line":139,"loc":{"start":{"line":139,"column":26},"end":{"line":139,"column":40}}},"4":{"name":"(anonymous_4)","line":151,"loc":{"start":{"line":151,"column":33},"end":{"line":151,"column":51}}},"5":{"name":"(anonymous_5)","line":166,"loc":{"start":{"line":166,"column":31},"end":{"line":166,"column":50}}},"6":{"name":"(anonymous_6)","line":193,"loc":{"start":{"line":193,"column":32},"end":{"line":193,"column":43}}},"7":{"name":"(anonymous_7)","line":262,"loc":{"start":{"line":262,"column":36},"end":{"line":262,"column":47}}},"8":{"name":"(anonymous_8)","line":281,"loc":{"start":{"line":281,"column":34},"end":{"line":281,"column":50}}},"9":{"name":"(anonymous_9)","line":309,"loc":{"start":{"line":309,"column":15},"end":{"line":309,"column":34}}},"10":{"name":"(anonymous_10)","line":317,"loc":{"start":{"line":317,"column":15},"end":{"line":317,"column":38}}}},"statementMap":{"1":{"start":{"line":15,"column":0},"end":{"line":15,"column":27}},"2":{"start":{"line":17,"column":0},"end":{"line":19,"column":15}},"3":{"start":{"line":22,"column":0},"end":{"line":91,"column":2}},"4":{"start":{"line":106,"column":0},"end":{"line":115,"column":2}},"5":{"start":{"line":107,"column":2},"end":{"line":109,"column":3}},"6":{"start":{"line":108,"column":4},"end":{"line":108,"column":27}},"7":{"start":{"line":110,"column":2},"end":{"line":110,"column":29}},"8":{"start":{"line":111,"column":2},"end":{"line":111,"column":19}},"9":{"start":{"line":112,"column":2},"end":{"line":114,"column":3}},"10":{"start":{"line":113,"column":4},"end":{"line":113,"column":21}},"11":{"start":{"line":122,"column":0},"end":{"line":130,"column":2}},"12":{"start":{"line":123,"column":2},"end":{"line":123,"column":10}},"13":{"start":{"line":124,"column":2},"end":{"line":129,"column":3}},"14":{"start":{"line":126,"column":4},"end":{"line":128,"column":5}},"15":{"start":{"line":127,"column":6},"end":{"line":127,"column":37}},"16":{"start":{"line":139,"column":0},"end":{"line":141,"column":2}},"17":{"start":{"line":140,"column":2},"end":{"line":140,"column":46}},"18":{"start":{"line":151,"column":0},"end":{"line":159,"column":2}},"19":{"start":{"line":152,"column":2},"end":{"line":152,"column":10}},"20":{"start":{"line":153,"column":2},"end":{"line":158,"column":3}},"21":{"start":{"line":155,"column":4},"end":{"line":157,"column":5}},"22":{"start":{"line":156,"column":6},"end":{"line":156,"column":39}},"23":{"start":{"line":166,"column":0},"end":{"line":177,"column":2}},"24":{"start":{"line":167,"column":2},"end":{"line":167,"column":36}},"25":{"start":{"line":168,"column":2},"end":{"line":168,"column":33}},"26":{"start":{"line":170,"column":2},"end":{"line":175,"column":5}},"27":{"start":{"line":176,"column":2},"end":{"line":176,"column":19}},"28":{"start":{"line":193,"column":0},"end":{"line":255,"column":2}},"29":{"start":{"line":194,"column":2},"end":{"line":194,"column":10}},"30":{"start":{"line":198,"column":2},"end":{"line":207,"column":3}},"31":{"start":{"line":199,"column":4},"end":{"line":206,"column":5}},"32":{"start":{"line":201,"column":6},"end":{"line":201,"column":60}},"33":{"start":{"line":203,"column":6},"end":{"line":203,"column":76}},"34":{"start":{"line":205,"column":6},"end":{"line":205,"column":38}},"35":{"start":{"line":211,"column":2},"end":{"line":213,"column":3}},"36":{"start":{"line":212,"column":4},"end":{"line":212,"column":45}},"37":{"start":{"line":216,"column":2},"end":{"line":254,"column":3}},"38":{"start":{"line":217,"column":4},"end":{"line":253,"column":5}},"39":{"start":{"line":219,"column":6},"end":{"line":221,"column":7}},"40":{"start":{"line":220,"column":8},"end":{"line":220,"column":42}},"41":{"start":{"line":223,"column":6},"end":{"line":225,"column":7}},"42":{"start":{"line":224,"column":8},"end":{"line":224,"column":39}},"43":{"start":{"line":229,"column":6},"end":{"line":243,"column":7}},"44":{"start":{"line":230,"column":8},"end":{"line":236,"column":9}},"45":{"start":{"line":231,"column":10},"end":{"line":235,"column":11}},"46":{"start":{"line":232,"column":12},"end":{"line":232,"column":34}},"47":{"start":{"line":234,"column":12},"end":{"line":234,"column":50}},"48":{"start":{"line":240,"column":8},"end":{"line":242,"column":9}},"49":{"start":{"line":241,"column":10},"end":{"line":241,"column":52}},"50":{"start":{"line":246,"column":6},"end":{"line":252,"column":7}},"51":{"start":{"line":247,"column":8},"end":{"line":251,"column":9}},"52":{"start":{"line":248,"column":10},"end":{"line":248,"column":94}},"53":{"start":{"line":250,"column":10},"end":{"line":250,"column":60}},"54":{"start":{"line":262,"column":0},"end":{"line":297,"column":2}},"55":{"start":{"line":263,"column":2},"end":{"line":265,"column":16}},"56":{"start":{"line":268,"column":2},"end":{"line":268,"column":19}},"57":{"start":{"line":271,"column":2},"end":{"line":278,"column":3}},"58":{"start":{"line":272,"column":4},"end":{"line":272,"column":45}},"59":{"start":{"line":273,"column":4},"end":{"line":273,"column":35}},"60":{"start":{"line":277,"column":4},"end":{"line":277,"column":51}},"61":{"start":{"line":281,"column":2},"e
[...]
":66,"column":16}},{"start":{"line":66,"column":20},"end":{"line":66,"column":42}}]},"8":{"line":70,"type":"if","locations":[{"start":{"line":70,"column":12},"end":{"line":70,"column":12}},{"start":{"line":70,"column":12},"end":{"line":70,"column":12}}]},"9":{"line":111,"type":"if","locations":[{"start":{"line":111,"column":12},"end":{"line":111,"column":12}},{"start":{"line":111,"column":12},"end":{"line":111,"column":12}}]},"10":{"line":123,"type":"if","locations":[{"start":{"line":123,"column":16},"end":{"line":123,"column":16}},{"start":{"line":123,"column":16},"end":{"line":123,"column":16}}]},"11":{"line":132,"type":"if","locations":[{"start":{"line":132,"column":12},"end":{"line":132,"column":12}},{"start":{"line":132,"column":12},"end":{"line":132,"column":12}}]},"12":{"line":143,"type":"binary-expr","locations":[{"start":{"line":143,"column":16},"end":{"line":143,"column":25}},{"start":{"line":143,"column":29},"end":{"line":145,"column":5}}]},"13":{"line":150,"type":"if","locations":[{"start":{"line":150,"column":8},"end":{"line":150,"column":8}},{"start":{"line":150,"column":8},"end":{"line":150,"column":8}}]},"14":{"line":160,"type":"if","locations":[{"start":{"line":160,"column":12},"end":{"line":160,"column":12}},{"start":{"line":160,"column":12},"end":{"line":160,"column":12}}]},"15":{"line":175,"type":"if","locations":[{"start":{"line":175,"column":8},"end":{"line":175,"column":8}},{"start":{"line":175,"column":8},"end":{"line":175,"column":8}}]},"16":{"line":182,"type":"if","locations":[{"start":{"line":182,"column":8},"end":{"line":182,"column":8}},{"start":{"line":182,"column":8},"end":{"line":182,"column":8}}]},"17":{"line":188,"type":"if","locations":[{"start":{"line":188,"column":8},"end":{"line":188,"column":8}},{"start":{"line":188,"column":8},"end":{"line":188,"column":8}}]},"18":{"line":190,"type":"if","locations":[{"start":{"line":190,"column":12},"end":{"line":190,"column":12}},{"start":{"line":190,"column":12},"end":{"line":190,"column":12}}]},"19":{"line":202,"type":"if","locations":[{"start":{"line":202,"column":8},"end":{"line":202,"column":8}},{"start":{"line":202,"column":8},"end":{"line":202,"column":8}}]},"20":{"line":207,"type":"if","locations":[{"start":{"line":207,"column":12},"end":{"line":207,"column":12}},{"start":{"line":207,"column":12},"end":{"line":207,"column":12}}]},"21":{"line":209,"type":"if","locations":[{"start":{"line":209,"column":19},"end":{"line":209,"column":19}},{"start":{"line":209,"column":19},"end":{"line":209,"column":19}}]},"22":{"line":211,"type":"if","locations":[{"start":{"line":211,"column":19},"end":{"line":211,"column":19}},{"start":{"line":211,"column":19},"end":{"line":211,"column":19}}]},"23":{"line":213,"type":"if","locations":[{"start":{"line":213,"column":19},"end":{"line":213,"column":19}},{"start":{"line":213,"column":19},"end":{"line":213,"column":19}}]},"24":{"line":215,"type":"if","locations":[{"start":{"line":215,"column":19},"end":{"line":215,"column":19}},{"start":{"line":215,"column":19},"end":{"line":215,"column":19}}]},"25":{"line":219,"type":"if","locations":[{"start":{"line":219,"column":16},"end":{"line":219,"column":16}},{"start":{"line":219,"column":16},"end":{"line":219,"column":16}}]},"26":{"line":232,"type":"if","locations":[{"start":{"line":232,"column":12},"end":{"line":232,"column":12}},{"start":{"line":232,"column":12},"end":{"line":232,"column":12}}]},"27":{"line":239,"type":"if","locations":[{"start":{"line":239,"column":12},"end":{"line":239,"column":12}},{"start":{"line":239,"column":12},"end":{"line":239,"column":12}}]},"28":{"line":251,"type":"if","locations":[{"start":{"line":251,"column":8},"end":{"line":251,"column":8}},{"start":{"line":251,"column":8},"end":{"line":251,"column":8}}]},"29":{"line":255,"type":"if","locations":[{"start":{"line":255,"column":15},"end":{"line":255,"column":15}},{"start":{"line":255,"column":15},"end":{"line":255,"column":15}}]},"30":{"line":260,"type":"if","locations":[{"start":{"line":260,"column":8},"end":{"line":260,"column":8}},{"start":{"line":260,"column":8},"end":{"line":260,"column":8}}]},"31":{"line":260,"type":"binary-expr","locations":[{"start":{"line":260,"column":12},"end":{"line":260,"column":16}},{"start":{"line":260,"column":20},"end":{"line":260,"column":40}}]},"32":{"line":265,"type":"if","locations":[{"start":{"line":265,"column":8},"end":{"line":265,"column":8}},{"start":{"line":265,"column":8},"end":{"line":265,"column":8}}]},"33":{"line":272,"type":"if","locations":[{"start":{"line":272,"column":8},"end":{"line":272,"column":8}},{"start":{"line":272,"column":8},"end":{"line":272,"column":8}}]},"34":{"line":286,"type":"if","locations":[{"start":{"line":286,"column":8},"end":{"line":286,"column":8}},{"start":{"line":286,"column":8},"end":{"line":286,"column":8}}]},"35":{"line":290,"type":"if","locations":[{"start":{"line":290,"column":8},"end":{"line":290,"column":8}},{"start":{"line":290,"column":8},"end":{"line":290,"column":8}}]}},"code":["/** vim: et:ts=4:sw=4:sts=4"," * @license amdefine 1.0.0 Copyright (c) 2011-2015, The Dojo Foundation All Rights Reserved."," * Available via the MIT or new BSD license."," * see: http://github.com/jrburke/amdefine for details"," */","","/*jslint node: true */","/*global module, process */","'use strict';","","/**"," * Creates a define for node."," * @param {Object} module the \"module\" object that is defined by Node for the"," * current module."," * @param {Function} [requireFn]. Node's require function for the current module."," * It only needs to be passed in Node versions before 0.5, when module.require"," * did not exist."," * @returns {Function} a define function that is usable for the current node"," * module."," */","function amdefine(module, requireFn) {","    'use strict';","    var defineCache = {},","        loaderCache = {},","        alreadyCalled = false,","        path = require('path'),","        makeRequire, stringRequire;","","    /**","     * Trims the . and .. from an array of path segments.","     * It will keep a leading path segment if a .. will become","     * the first path segment, to help with module name lookups,","     * which act like paths, but can be remapped. But the end result,","     * all paths that use this function should look normalized.","     * NOTE: this method MODIFIES the input array.","     * @param {Array} ary the array of path segments.","     */","    function trimDots(ary) {","        var i, part;","        for (i = 0; ary[i]; i+= 1) {","            part = ary[i];","            if (part === '.') {","                ary.splice(i, 1);","                i -= 1;","            } else if (part === '..') {","                if (i === 1 && (ary[2] === '..' || ary[0] === '..')) {","                    //End of the line. Keep at least one non-dot","                    //path segment at the front so it can be mapped","                    //correctly to disk. Otherwise, there is likely","                    //no path mapping for a path starting with '..'.","                    //This can still fail, but catches the most reasonable","                    //uses of ..","                    break;","                } else if (i > 0) {","                    ary.splice(i - 1, 2);","                    i -= 2;","                }","            }","        }","    }","","    function normalize(name, baseName) {","        var baseParts;","","        //Adjust any relative paths.","        if (name && name.charAt(0) === '.') {","            //If have a base name, try to normalize against it,","            //otherwise, assume it is a top-level require that will","            //be relative to baseUrl in the end.","            if (baseName) {","                baseParts = baseName.split('/');","                baseParts = baseParts.slice(0, baseParts.length - 1);","                baseParts = baseParts.concat(name.split('/'));","                trimDots(baseParts);","                name = baseParts.join('/');","            }","        }","","        return name;","    }","","    /**","     * Create the normalize() function passed to a loader plugin's","     * normalize method.","     */","    function makeNormalize(relName) {","        return function (name) {","            return normalize(name, relName);","        };","    }","","    function makeLoad(id) {","        function load(value) {","            loaderCache[id] = value;","        }","","        load.fromText = function (id, text) {","            //This one is difficult because the text can/probably uses","            //define, and any relative paths and requires should be relative","            //to that id was it would be found on disk. But this would require","            //bootstrapping a module/require fairly deeply from node core.","            //Not sure how best to go about that yet.","            throw new Error('amdefine does not implement load.fromText');","        };","","        return load;","    }","","    makeRequire = function (systemRequire, exports, module, relId) {","        function amdRequire(deps, callback) {","            if (typeof deps === 'string') {","                //Synchronous, single module require('')","                return stringRequire(systemRequire, exports, module, deps, relId);","            } else {","                //Array of dependencies with a callback.","","                //Convert the dependencies to modules.","                deps = deps.map(function (depName) {","                    return stringRequire(systemRequire, exports, module, depName, relId);","                });","","                //Wait for next tick to call back the require call.","                if (callback) {","                    process.nextTick(function () {","                        callback.apply(null, deps);","                    });","                }","            }","        }","","        amdRequire.toUrl = function (filePath) {","            if (filePath.indexOf('.') === 0) {","                return normalize(filePath, path.dirname(module.filename));","            } else {","                return filePath;","            }","        };","","        return amdRequire;","    };","","    //Favor explicit value, passed in if the module wants to support Node 0.4.","    requireFn = requireFn || function req() {","        return module.require.apply(module, arguments);","    };","","    function runFactory(id, deps, factory) {","        var r, e, m, result;","","        if (id) {","            e = loaderCache[id] = {};","            m = {","                id: id,","                uri: __filename,","                exports: e","            };","            r = makeRequire(requireFn, e, m, id);","        } else {","            //Only support one define call per file","            if (alreadyCalled) {","                throw new Error('amdefine with no module ID cannot be called more than once per file.');","            }","            alreadyCalled = true;","","            //Use the real variables from node","            //Use module.exports for exports, since","            //the exports in here is amdefine exports.","            e = module.exports;","            m = module;","            r = makeRequire(requireFn, e, m, module.id);","        }","","        //If there are dependencies, they are strings, so need","        //to convert them to dependency values.","        if (deps) {","            deps = deps.map(function (depName) {","                return r(depName);","            });","        }","","        //Call the factory with the right dependencies.","        if (typeof factory === 'function') {","            result = factory.apply(m.exports, deps);","        } else {","            result = factory;","        }","","        if (result !== undefined) {","            m.exports = result;","            if (id) {","                loaderCache[id] = m.exports;","            }","        }","    }","","    stringRequire = function (systemRequire, exports, module, id, relId) {","        //Split the ID by a ! so that","        var index = id.indexOf('!'),","            originalId = id,","            prefix, plugin;","","        if (index === -1) {","            id = normalize(id, relId);","","            //Straight module lookup. If it is one of the special dependencies,","            //deal with it, otherwise, delegate to node.","            if (id === 'require') {","                return makeRequire(systemRequire, exports, module, relId);","            } else if (id === 'exports') {","                return exports;","            } else if (id === 'module') {","                return module;","            } else if (loaderCache.hasOwnProperty(id)) {","                return loaderCache[id];","            } else if (defineCache[id]) {","                runFactory.apply(null, defineCache[id]);","                return loaderCache[id];","            } else {","                if(systemRequire) {","                    return systemRequire(originalId);","                } else {","                    throw new Error('No module with ID: ' + id);","                }","            }","        } else {","            //There is a plugin in play.","            prefix = id.substring(0, index);","            id = id.substring(index + 1, id.length);","","            plugin = stringRequire(systemRequire, exports, module, prefix, relId);","","            if (plugin.normalize) {","                id = plugin.normalize(id, makeNormalize(relId));","            } else {","                //Normalize the ID normally.","                id = normalize(id, relId);","            }","","            if (loaderCache[id]) {","                return loaderCache[id];","            } else {","                plugin.load(id, makeRequire(systemRequire, exports, module, relId), makeLoad(id), {});","","                return loaderCache[id];","            }","        }","    };","","    //Create a define function specific to the module asking for amdefine.","    function define(id, deps, factory) {","        if (Array.isArray(id)) {","            factory = deps;","            deps = id;","            id = undefined;","        } else if (typeof id !== 'string') {","            factory = id;","            id = deps = undefined;","        }","","        if (deps && !Array.isArray(deps)) {","            factory = deps;","            deps = undefined;","        }","","        if (!deps) {","            deps = ['require', 'exports', 'module'];","        }","","        //Set up properties for this module. If an ID, then use","        //internal cache. If no ID, then use the external variables","        //for this node module.","        if (id) {","            //Put the module in deep freeze until there is a","            //require call for it.","            defineCache[id] = [id, deps, factory];","        } else {","            runFactory(id, deps, factory);","        }","    }","","    //define.require, which has access to all the values in the","    //cache. Useful for AMD modules that all have IDs in the file,","    //but need to finally export a value to node based on one of those","    //IDs.","    define.require = function (id) {","        if (loaderCache[id]) {","            return loaderCache[id];","        }","","        if (defineCache[id]) {","            runFactory.apply(null, defineCache[id]);","            return loaderCache[id];","        }","    };","","    define.amd = {};","","    return define;","}","","module.exports = amdefine;",""],"l":{"21":1,"23":0,"38":1,"39":0,"40":0,"41":0,"42":0,"43":0,"44":0,"45":0,"46":0,"53":0,"54":0,"55":0,"56":0,"62":1,"63":0,"66":0,"70":0,"71":0,"72":0,"73":0,"74":0,"75":0,"79":0,"86":1,"87":0,"88":0,"92":1,"93":1,"94":0,"97":0,"103":0,"106":0,"109":0,"110":1,"111":0,"113":0,"118":0,"119":0,"123":0,"124":0,"125":0,"131":0,"132":0,"133":0,"135":0,"139":0,"143":0,"144":0,"147":1,"148":0,"150":0,"151":0,"152":0,"157":0,"160":0,"161":0,"163":0,"168":0,"169":0,"170":0,"175":0,"176":0,"177":0,"182":0,"183":0,"185":0,"188":0,"189":0,"190":0,"191":0,"196":0,"198":0,"202":0,"203":0,"207":0,"208":0,"209":0,"210":0,"211":0,"212":0,"213":0,"214":0,"215":0,"216":0,"217":0,"219":0,"220":0,"222":0,"227":0,"228":0,"230":0,"232":0,"233":0,"236":0,"239":0,"240":0,"242":0,"244":0,"250":1,"251":0,"252":0,"253":0,"254":0,"255":0,"256":0,"257":0,"260":0,"261":0,"262":0,"265":0,"266":0,"272":0,"275":0,"277":0,"285":0,"286":0,"287":0,"290":0,"291":0,"292":0,"296":0,"298":0,"301":1}},"/home/travis/build/npmtest/node-npmtest-kss/node_modules/kss/node5/amdefine/intercept.js":{"path":"/home/travis/build/npmtest/node-npmtest-kss/node_modules/kss/node5/amdefine/intercept.js","s":{"1":1,"2":1,"3":1,"4":1050,"5":0,"6":1050,"7":1,"8":1050,"9":1050,"10":1049,"11":1050,"12":1,"13":1,"14":1},"b":{"1":[0,1050],"2":[1049,1],"3":[1,0],"4":[1,0]},"f":{"1":1050,"2":1050},"fnMap":{"1":{"name":"stripBOM","line":11,"loc":{"start":{"line":11,"column":0},"end":{"line":11,"column":27}}},"2":{"name":"intercept","line":22,"loc":{"start":{"line":22,"column":0},"end":{"line":22,"column":37}}}},"statementMap":{"1":{"start":{"line":2,"column":0},"end":{"line":6,"column":36}},"2":{"start":{"line":8,"column":0},"end":{"line":8,"column":91}},"3":{"start":{"line":11,"column":0},"end":{"line":19,"column":1}},"4":{"start":{"line":15,"column":4},"end":{"line":17,"column":5}},"5":{"start":{"line":16,"column":8},"end":{"line":16,"column":35}},"6":{"start":{"line":18,"column":4},"end":{"line":18,"column":19}},"7":{"start":{"line":22,"column":0},"end":{"line":30,"column":1}},"8":{"start":{"line":23,"column":4},"end":{"line":23,"column":62}},"9":{"start":{"line":25,"column":4},"end":{"line":27,"column":5}},"10":{"start":{"line":26,"column":8},"end":{"line":26,"column":37}},"11":{"start":{"line":29,"column":4},"end":{"line":29,"column":39}},"12":{"start":{"line":32,"column":0},"end":{"line":32,"column":37}},"13":{"start":{"line":34,"column":0},"end":{"line":36,"column":1}},"14":{"start":{"line":35,"column":4},"end":{"line":35,"column":42}}},"branchMap":{"1":{"line":15,"type":"if","locations":[{"start":{"line":15,"column":4},"end":{"line":15,"column":4}},{"start":{"line":15,"column":4},"end":{"line":15,"column":4}}]},"2":{"line":25,"type":"if","locations":[{"start":{"line":25,"column":4},"end":{"line":25,"column":4}},{"start":{"line":25,"column":4},"end":{"line":25,"column":4}}]},"3":{"line":34,"type":"if","locations":[{"start":{"line":34,"column":0},"end":{"line":34,"column":0}},{"start":{"line":34,"column":0},"end":{"line":34,"column":0}}]},"4":{"line":34,"type":"binary-expr","locations":[{"start":{"line":34,"column":4},"end":{"line":34,"column":22}},{"start":{"line":34,"column":26},"end":{"line":34,"column":61}}]}},"code":["/*jshint node: true */","var inserted,","    Module = require('module'),","    fs = require('fs'),","    existingExtFn = Module._extensions['.js'],","    amdefineRegExp = /amdefine\\.js/;","","inserted  = \"if (typeof define !== 'function') {var define = require('amdefine')(module)}\";","","//From the node/lib/module.js source:","function stripBOM(content) {","    // Remove byte order marker. This catches EF BB BF (the UTF-8 BOM)","    // because the buffer-to-string conversion in `fs.readFileSync()`","    // translates it to FEFF, the UTF-16 BOM.","    if (content.charCodeAt(0) === 0xFEFF) {","        content = content.slice(1);","    }","    return content;","}","","//Also adapted from the node/lib/module.js source:","function intercept(module, filename) {","    var content = stripBOM(fs.readFileSync(filename, 'utf8'));","","    if (!amdefineRegExp.test(module.id)) {","        content = inserted + content;","    }","","    module._compile(content, filename);","}","","intercept._id = 'amdefine/intercept';","","if (!existingExtFn._id || existingExtFn._id !== intercept._id) {","    Module._extensions['.js'] = intercept;","}",""],"l":{"2":1,"8":1,"11":1,"15":1050,"16":0,"18":1050,"22":1,"23":1050,"25":1050,"26":1049,"29":1050,"32":1,"34":1,"35":1}}}